  DLLExportTableParser.cpp
C:\LIEF-0.13.0-win64\include\LIEF\ELF\Parser.hpp(55,58): warning C4267: 'inicializando': conversão de 'size_t' para 'const uint32_t', possível perda de dados
C:\LIEF-0.13.0-win64\include\LIEF\ELF\Parser.hpp(56,58): warning C4267: 'inicializando': conversão de 'size_t' para 'const uint32_t', possível perda de dados
C:\LIEF-0.13.0-win64\include\LIEF\ELF\Parser.hpp(57,58): warning C4267: 'inicializando': conversão de 'size_t' para 'const uint32_t', possível perda de dados
  LIEF will disable #define enums. Please use LIEF_PE_XXXX or LIEF::PE::XXXX instead!
LIEF.lib(Binary.cpp.obj) : error LNK2038: não correspondência detectada para '_ITERATOR_DEBUG_LEVEL': valor '0' não corresponde ao valor '2' no DLLExportTableParser.obj
LIEF.lib(Binary.cpp.obj) : error LNK2038: não correspondência detectada para 'RuntimeLibrary': valor 'MT_StaticRelease' não corresponde ao valor 'MTd_StaticDebug' no DLLExportTableParser.obj
LIEF.lib(Parser.cpp.obj) : error LNK2038: não correspondência detectada para '_ITERATOR_DEBUG_LEVEL': valor '0' não corresponde ao valor '2' no DLLExportTableParser.obj
LIEF.lib(Parser.cpp.obj) : error LNK2038: não correspondência detectada para 'RuntimeLibrary': valor 'MT_StaticRelease' não corresponde ao valor 'MTd_StaticDebug' no DLLExportTableParser.obj
LIEF.lib(Object.cpp.obj) : error LNK2038: não correspondência detectada para '_ITERATOR_DEBUG_LEVEL': valor '0' não corresponde ao valor '2' no DLLExportTableParser.obj
LIEF.lib(Object.cpp.obj) : error LNK2038: não correspondência detectada para 'RuntimeLibrary': valor 'MT_StaticRelease' não corresponde ao valor 'MTd_StaticDebug' no DLLExportTableParser.obj
LIEF.lib(errors.cpp.obj) : error LNK2038: não correspondência detectada para '_ITERATOR_DEBUG_LEVEL': valor '0' não corresponde ao valor '2' no DLLExportTableParser.obj
LIEF.lib(errors.cpp.obj) : error LNK2038: não correspondência detectada para 'RuntimeLibrary': valor 'MT_StaticRelease' não corresponde ao valor 'MTd_StaticDebug' no DLLExportTableParser.obj
LIEF.lib(logging.cpp.obj) : error LNK2038: não correspondência detectada para '_ITERATOR_DEBUG_LEVEL': valor '0' não corresponde ao valor '2' no DLLExportTableParser.obj
LIEF.lib(logging.cpp.obj) : error LNK2038: não correspondência detectada para 'RuntimeLibrary': valor 'MT_StaticRelease' não corresponde ao valor 'MTd_StaticDebug' no DLLExportTableParser.obj
LIEF.lib(Section.cpp.obj) : error LNK2038: não correspondência detectada para '_ITERATOR_DEBUG_LEVEL': valor '0' não corresponde ao valor '2' no DLLExportTableParser.obj
LIEF.lib(Section.cpp.obj) : error LNK2038: não correspondência detectada para 'RuntimeLibrary': valor 'MT_StaticRelease' não corresponde ao valor 'MTd_StaticDebug' no DLLExportTableParser.obj
LIEF.lib(BinaryStream.cpp.obj) : error LNK2038: não correspondência detectada para '_ITERATOR_DEBUG_LEVEL': valor '0' não corresponde ao valor '2' no DLLExportTableParser.obj
LIEF.lib(BinaryStream.cpp.obj) : error LNK2038: não correspondência detectada para 'RuntimeLibrary': valor 'MT_StaticRelease' não corresponde ao valor 'MTd_StaticDebug' no DLLExportTableParser.obj
LIEF.lib(SpanStream.cpp.obj) : error LNK2038: não correspondência detectada para '_ITERATOR_DEBUG_LEVEL': valor '0' não corresponde ao valor '2' no DLLExportTableParser.obj
LIEF.lib(SpanStream.cpp.obj) : error LNK2038: não correspondência detectada para 'RuntimeLibrary': valor 'MT_StaticRelease' não corresponde ao valor 'MTd_StaticDebug' no DLLExportTableParser.obj
LIEF.lib(VectorStream.cpp.obj) : error LNK2038: não correspondência detectada para '_ITERATOR_DEBUG_LEVEL': valor '0' não corresponde ao valor '2' no DLLExportTableParser.obj
LIEF.lib(VectorStream.cpp.obj) : error LNK2038: não correspondência detectada para 'RuntimeLibrary': valor 'MT_StaticRelease' não corresponde ao valor 'MTd_StaticDebug' no DLLExportTableParser.obj
LIEF.lib(Signature.cpp.obj) : error LNK2038: não correspondência detectada para '_ITERATOR_DEBUG_LEVEL': valor '0' não corresponde ao valor '2' no DLLExportTableParser.obj
LIEF.lib(Signature.cpp.obj) : error LNK2038: não correspondência detectada para 'RuntimeLibrary': valor 'MT_StaticRelease' não corresponde ao valor 'MTd_StaticDebug' no DLLExportTableParser.obj
LIEF.lib(SignatureParser.cpp.obj) : error LNK2038: não correspondência detectada para '_ITERATOR_DEBUG_LEVEL': valor '0' não corresponde ao valor '2' no DLLExportTableParser.obj
LIEF.lib(SignatureParser.cpp.obj) : error LNK2038: não correspondência detectada para 'RuntimeLibrary': valor 'MT_StaticRelease' não corresponde ao valor 'MTd_StaticDebug' no DLLExportTableParser.obj
LIEF.lib(CodeViewPDB.cpp.obj) : error LNK2038: não correspondência detectada para '_ITERATOR_DEBUG_LEVEL': valor '0' não corresponde ao valor '2' no DLLExportTableParser.obj
LIEF.lib(CodeViewPDB.cpp.obj) : error LNK2038: não correspondência detectada para 'RuntimeLibrary': valor 'MT_StaticRelease' não corresponde ao valor 'MTd_StaticDebug' no DLLExportTableParser.obj
LIEF.lib(utils.cpp.obj) : error LNK2038: não correspondência detectada para '_ITERATOR_DEBUG_LEVEL': valor '0' não corresponde ao valor '2' no DLLExportTableParser.obj
LIEF.lib(utils.cpp.obj) : error LNK2038: não correspondência detectada para 'RuntimeLibrary': valor 'MT_StaticRelease' não corresponde ao valor 'MTd_StaticDebug' no DLLExportTableParser.obj
LIEF.lib(Parser.cpp.obj) : error LNK2038: não correspondência detectada para '_ITERATOR_DEBUG_LEVEL': valor '0' não corresponde ao valor '2' no DLLExportTableParser.obj
LIEF.lib(Parser.cpp.obj) : error LNK2038: não correspondência detectada para 'RuntimeLibrary': valor 'MT_StaticRelease' não corresponde ao valor 'MTd_StaticDebug' no DLLExportTableParser.obj
LIEF.lib(utils.cpp.obj) : error LNK2038: não correspondência detectada para '_ITERATOR_DEBUG_LEVEL': valor '0' não corresponde ao valor '2' no DLLExportTableParser.obj
LIEF.lib(utils.cpp.obj) : error LNK2038: não correspondência detectada para 'RuntimeLibrary': valor 'MT_StaticRelease' não corresponde ao valor 'MTd_StaticDebug' no DLLExportTableParser.obj
LIEF.lib(Section.cpp.obj) : error LNK2038: não correspondência detectada para '_ITERATOR_DEBUG_LEVEL': valor '0' não corresponde ao valor '2' no DLLExportTableParser.obj
LIEF.lib(Section.cpp.obj) : error LNK2038: não correspondência detectada para 'RuntimeLibrary': valor 'MT_StaticRelease' não corresponde ao valor 'MTd_StaticDebug' no DLLExportTableParser.obj
LIEF.lib(Header.cpp.obj) : error LNK2038: não correspondência detectada para '_ITERATOR_DEBUG_LEVEL': valor '0' não corresponde ao valor '2' no DLLExportTableParser.obj
LIEF.lib(Header.cpp.obj) : error LNK2038: não correspondência detectada para 'RuntimeLibrary': valor 'MT_StaticRelease' não corresponde ao valor 'MTd_StaticDebug' no DLLExportTableParser.obj
LIEF.lib(OptionalHeader.cpp.obj) : error LNK2038: não correspondência detectada para '_ITERATOR_DEBUG_LEVEL': valor '0' não corresponde ao valor '2' no DLLExportTableParser.obj
LIEF.lib(OptionalHeader.cpp.obj) : error LNK2038: não correspondência detectada para 'RuntimeLibrary': valor 'MT_StaticRelease' não corresponde ao valor 'MTd_StaticDebug' no DLLExportTableParser.obj
LIEF.lib(DosHeader.cpp.obj) : error LNK2038: não correspondência detectada para '_ITERATOR_DEBUG_LEVEL': valor '0' não corresponde ao valor '2' no DLLExportTableParser.obj
LIEF.lib(DosHeader.cpp.obj) : error LNK2038: não correspondência detectada para 'RuntimeLibrary': valor 'MT_StaticRelease' não corresponde ao valor 'MTd_StaticDebug' no DLLExportTableParser.obj
LIEF.lib(RichHeader.cpp.obj) : error LNK2038: não correspondência detectada para '_ITERATOR_DEBUG_LEVEL': valor '0' não corresponde ao valor '2' no DLLExportTableParser.obj
LIEF.lib(RichHeader.cpp.obj) : error LNK2038: não correspondência detectada para 'RuntimeLibrary': valor 'MT_StaticRelease' não corresponde ao valor 'MTd_StaticDebug' no DLLExportTableParser.obj
LIEF.lib(Import.cpp.obj) : error LNK2038: não correspondência detectada para '_ITERATOR_DEBUG_LEVEL': valor '0' não corresponde ao valor '2' no DLLExportTableParser.obj
LIEF.lib(Import.cpp.obj) : error LNK2038: não correspondência detectada para 'RuntimeLibrary': valor 'MT_StaticRelease' não corresponde ao valor 'MTd_StaticDebug' no DLLExportTableParser.obj
LIEF.lib(Symbol.cpp.obj) : error LNK2038: não correspondência detectada para '_ITERATOR_DEBUG_LEVEL': valor '0' não corresponde ao valor '2' no DLLExportTableParser.obj
LIEF.lib(Symbol.cpp.obj) : error LNK2038: não correspondência detectada para 'RuntimeLibrary': valor 'MT_StaticRelease' não corresponde ao valor 'MTd_StaticDebug' no DLLExportTableParser.obj
LIEF.lib(DelayImportEntry.cpp.obj) : error LNK2038: não correspondência detectada para '_ITERATOR_DEBUG_LEVEL': valor '0' não corresponde ao valor '2' no DLLExportTableParser.obj
LIEF.lib(DelayImportEntry.cpp.obj) : error LNK2038: não correspondência detectada para 'RuntimeLibrary': valor 'MT_StaticRelease' não corresponde ao valor 'MTd_StaticDebug' no DLLExportTableParser.obj
LIEF.lib(DelayImport.cpp.obj) : error LNK2038: não correspondência detectada para '_ITERATOR_DEBUG_LEVEL': valor '0' não corresponde ao valor '2' no DLLExportTableParser.obj
LIEF.lib(DelayImport.cpp.obj) : error LNK2038: não correspondência detectada para 'RuntimeLibrary': valor 'MT_StaticRelease' não corresponde ao valor 'MTd_StaticDebug' no DLLExportTableParser.obj
LIEF.lib(TLS.cpp.obj) : error LNK2038: não correspondência detectada para '_ITERATOR_DEBUG_LEVEL': valor '0' não corresponde ao valor '2' no DLLExportTableParser.obj
LIEF.lib(TLS.cpp.obj) : error LNK2038: não correspondência detectada para 'RuntimeLibrary': valor 'MT_StaticRelease' não corresponde ao valor 'MTd_StaticDebug' no DLLExportTableParser.obj
LIEF.lib(Export.cpp.obj) : error LNK2038: não correspondência detectada para '_ITERATOR_DEBUG_LEVEL': valor '0' não corresponde ao valor '2' no DLLExportTableParser.obj
LIEF.lib(Export.cpp.obj) : error LNK2038: não correspondência detectada para 'RuntimeLibrary': valor 'MT_StaticRelease' não corresponde ao valor 'MTd_StaticDebug' no DLLExportTableParser.obj
LIEF.lib(Debug.cpp.obj) : error LNK2038: não correspondência detectada para '_ITERATOR_DEBUG_LEVEL': valor '0' não corresponde ao valor '2' no DLLExportTableParser.obj
LIEF.lib(Debug.cpp.obj) : error LNK2038: não correspondência detectada para 'RuntimeLibrary': valor 'MT_StaticRelease' não corresponde ao valor 'MTd_StaticDebug' no DLLExportTableParser.obj
LIEF.lib(Symbol.cpp.obj) : error LNK2038: não correspondência detectada para '_ITERATOR_DEBUG_LEVEL': valor '0' não corresponde ao valor '2' no DLLExportTableParser.obj
LIEF.lib(Symbol.cpp.obj) : error LNK2038: não correspondência detectada para 'RuntimeLibrary': valor 'MT_StaticRelease' não corresponde ao valor 'MTd_StaticDebug' no DLLExportTableParser.obj
LIEF.lib(Binary.cpp.obj) : error LNK2038: não correspondência detectada para '_ITERATOR_DEBUG_LEVEL': valor '0' não corresponde ao valor '2' no DLLExportTableParser.obj
LIEF.lib(Binary.cpp.obj) : error LNK2038: não correspondência detectada para 'RuntimeLibrary': valor 'MT_StaticRelease' não corresponde ao valor 'MTd_StaticDebug' no DLLExportTableParser.obj
LIEF.lib(DataDirectory.cpp.obj) : error LNK2038: não correspondência detectada para '_ITERATOR_DEBUG_LEVEL': valor '0' não corresponde ao valor '2' no DLLExportTableParser.obj
LIEF.lib(DataDirectory.cpp.obj) : error LNK2038: não correspondência detectada para 'RuntimeLibrary': valor 'MT_StaticRelease' não corresponde ao valor 'MTd_StaticDebug' no DLLExportTableParser.obj
LIEF.lib(ResourceNode.cpp.obj) : error LNK2038: não correspondência detectada para '_ITERATOR_DEBUG_LEVEL': valor '0' não corresponde ao valor '2' no DLLExportTableParser.obj
LIEF.lib(ResourceNode.cpp.obj) : error LNK2038: não correspondência detectada para 'RuntimeLibrary': valor 'MT_StaticRelease' não corresponde ao valor 'MTd_StaticDebug' no DLLExportTableParser.obj
LIEF.lib(ResourceData.cpp.obj) : error LNK2038: não correspondência detectada para '_ITERATOR_DEBUG_LEVEL': valor '0' não corresponde ao valor '2' no DLLExportTableParser.obj
LIEF.lib(ResourceData.cpp.obj) : error LNK2038: não correspondência detectada para 'RuntimeLibrary': valor 'MT_StaticRelease' não corresponde ao valor 'MTd_StaticDebug' no DLLExportTableParser.obj
LIEF.lib(ResourceDirectory.cpp.obj) : error LNK2038: não correspondência detectada para '_ITERATOR_DEBUG_LEVEL': valor '0' não corresponde ao valor '2' no DLLExportTableParser.obj
LIEF.lib(ResourceDirectory.cpp.obj) : error LNK2038: não correspondência detectada para 'RuntimeLibrary': valor 'MT_StaticRelease' não corresponde ao valor 'MTd_StaticDebug' no DLLExportTableParser.obj
LIEF.lib(ExportEntry.cpp.obj) : error LNK2038: não correspondência detectada para '_ITERATOR_DEBUG_LEVEL': valor '0' não corresponde ao valor '2' no DLLExportTableParser.obj
LIEF.lib(ExportEntry.cpp.obj) : error LNK2038: não correspondência detectada para 'RuntimeLibrary': valor 'MT_StaticRelease' não corresponde ao valor 'MTd_StaticDebug' no DLLExportTableParser.obj
LIEF.lib(Pogo.cpp.obj) : error LNK2038: não correspondência detectada para '_ITERATOR_DEBUG_LEVEL': valor '0' não corresponde ao valor '2' no DLLExportTableParser.obj
LIEF.lib(Pogo.cpp.obj) : error LNK2038: não correspondência detectada para 'RuntimeLibrary': valor 'MT_StaticRelease' não corresponde ao valor 'MTd_StaticDebug' no DLLExportTableParser.obj
LIEF.lib(PogoEntry.cpp.obj) : error LNK2038: não correspondência detectada para '_ITERATOR_DEBUG_LEVEL': valor '0' não corresponde ao valor '2' no DLLExportTableParser.obj
LIEF.lib(PogoEntry.cpp.obj) : error LNK2038: não correspondência detectada para 'RuntimeLibrary': valor 'MT_StaticRelease' não corresponde ao valor 'MTd_StaticDebug' no DLLExportTableParser.obj
LIEF.lib(Relocation.cpp.obj) : error LNK2038: não correspondência detectada para '_ITERATOR_DEBUG_LEVEL': valor '0' não corresponde ao valor '2' no DLLExportTableParser.obj
LIEF.lib(Relocation.cpp.obj) : error LNK2038: não correspondência detectada para 'RuntimeLibrary': valor 'MT_StaticRelease' não corresponde ao valor 'MTd_StaticDebug' no DLLExportTableParser.obj
LIEF.lib(RelocationEntry.cpp.obj) : error LNK2038: não correspondência detectada para '_ITERATOR_DEBUG_LEVEL': valor '0' não corresponde ao valor '2' no DLLExportTableParser.obj
LIEF.lib(RelocationEntry.cpp.obj) : error LNK2038: não correspondência detectada para 'RuntimeLibrary': valor 'MT_StaticRelease' não corresponde ao valor 'MTd_StaticDebug' no DLLExportTableParser.obj
LIEF.lib(ImportEntry.cpp.obj) : error LNK2038: não correspondência detectada para '_ITERATOR_DEBUG_LEVEL': valor '0' não corresponde ao valor '2' no DLLExportTableParser.obj
LIEF.lib(ImportEntry.cpp.obj) : error LNK2038: não correspondência detectada para 'RuntimeLibrary': valor 'MT_StaticRelease' não corresponde ao valor 'MTd_StaticDebug' no DLLExportTableParser.obj
LIEF.lib(EnumToString.cpp.obj) : error LNK2038: não correspondência detectada para '_ITERATOR_DEBUG_LEVEL': valor '0' não corresponde ao valor '2' no DLLExportTableParser.obj
LIEF.lib(EnumToString.cpp.obj) : error LNK2038: não correspondência detectada para 'RuntimeLibrary': valor 'MT_StaticRelease' não corresponde ao valor 'MTd_StaticDebug' no DLLExportTableParser.obj
LIEF.lib(internal_utils.cpp.obj) : error LNK2038: não correspondência detectada para '_ITERATOR_DEBUG_LEVEL': valor '0' não corresponde ao valor '2' no DLLExportTableParser.obj
LIEF.lib(internal_utils.cpp.obj) : error LNK2038: não correspondência detectada para 'RuntimeLibrary': valor 'MT_StaticRelease' não corresponde ao valor 'MTd_StaticDebug' no DLLExportTableParser.obj
LIEF.lib(CodeIntegrity.cpp.obj) : error LNK2038: não correspondência detectada para '_ITERATOR_DEBUG_LEVEL': valor '0' não corresponde ao valor '2' no DLLExportTableParser.obj
LIEF.lib(CodeIntegrity.cpp.obj) : error LNK2038: não correspondência detectada para 'RuntimeLibrary': valor 'MT_StaticRelease' não corresponde ao valor 'MTd_StaticDebug' no DLLExportTableParser.obj
LIEF.lib(LoadConfiguration.cpp.obj) : error LNK2038: não correspondência detectada para '_ITERATOR_DEBUG_LEVEL': valor '0' não corresponde ao valor '2' no DLLExportTableParser.obj
LIEF.lib(LoadConfiguration.cpp.obj) : error LNK2038: não correspondência detectada para 'RuntimeLibrary': valor 'MT_StaticRelease' não corresponde ao valor 'MTd_StaticDebug' no DLLExportTableParser.obj
LIEF.lib(LoadConfigurationV0.cpp.obj) : error LNK2038: não correspondência detectada para '_ITERATOR_DEBUG_LEVEL': valor '0' não corresponde ao valor '2' no DLLExportTableParser.obj
LIEF.lib(LoadConfigurationV0.cpp.obj) : error LNK2038: não correspondência detectada para 'RuntimeLibrary': valor 'MT_StaticRelease' não corresponde ao valor 'MTd_StaticDebug' no DLLExportTableParser.obj
LIEF.lib(LoadConfigurationV1.cpp.obj) : error LNK2038: não correspondência detectada para '_ITERATOR_DEBUG_LEVEL': valor '0' não corresponde ao valor '2' no DLLExportTableParser.obj
LIEF.lib(LoadConfigurationV1.cpp.obj) : error LNK2038: não correspondência detectada para 'RuntimeLibrary': valor 'MT_StaticRelease' não corresponde ao valor 'MTd_StaticDebug' no DLLExportTableParser.obj
LIEF.lib(LoadConfigurationV2.cpp.obj) : error LNK2038: não correspondência detectada para '_ITERATOR_DEBUG_LEVEL': valor '0' não corresponde ao valor '2' no DLLExportTableParser.obj
LIEF.lib(LoadConfigurationV2.cpp.obj) : error LNK2038: não correspondência detectada para 'RuntimeLibrary': valor 'MT_StaticRelease' não corresponde ao valor 'MTd_StaticDebug' no DLLExportTableParser.obj
LIEF.lib(LoadConfigurationV3.cpp.obj) : error LNK2038: não correspondência detectada para '_ITERATOR_DEBUG_LEVEL': valor '0' não corresponde ao valor '2' no DLLExportTableParser.obj
LIEF.lib(LoadConfigurationV3.cpp.obj) : error LNK2038: não correspondência detectada para 'RuntimeLibrary': valor 'MT_StaticRelease' não corresponde ao valor 'MTd_StaticDebug' no DLLExportTableParser.obj
LIEF.lib(LoadConfigurationV4.cpp.obj) : error LNK2038: não correspondência detectada para '_ITERATOR_DEBUG_LEVEL': valor '0' não corresponde ao valor '2' no DLLExportTableParser.obj
LIEF.lib(LoadConfigurationV4.cpp.obj) : error LNK2038: não correspondência detectada para 'RuntimeLibrary': valor 'MT_StaticRelease' não corresponde ao valor 'MTd_StaticDebug' no DLLExportTableParser.obj
LIEF.lib(LoadConfigurationV5.cpp.obj) : error LNK2038: não correspondência detectada para '_ITERATOR_DEBUG_LEVEL': valor '0' não corresponde ao valor '2' no DLLExportTableParser.obj
LIEF.lib(LoadConfigurationV5.cpp.obj) : error LNK2038: não correspondência detectada para 'RuntimeLibrary': valor 'MT_StaticRelease' não corresponde ao valor 'MTd_StaticDebug' no DLLExportTableParser.obj
LIEF.lib(LoadConfigurationV6.cpp.obj) : error LNK2038: não correspondência detectada para '_ITERATOR_DEBUG_LEVEL': valor '0' não corresponde ao valor '2' no DLLExportTableParser.obj
LIEF.lib(LoadConfigurationV6.cpp.obj) : error LNK2038: não correspondência detectada para 'RuntimeLibrary': valor 'MT_StaticRelease' não corresponde ao valor 'MTd_StaticDebug' no DLLExportTableParser.obj
LIEF.lib(LoadConfigurationV7.cpp.obj) : error LNK2038: não correspondência detectada para '_ITERATOR_DEBUG_LEVEL': valor '0' não corresponde ao valor '2' no DLLExportTableParser.obj
LIEF.lib(LoadConfigurationV7.cpp.obj) : error LNK2038: não correspondência detectada para 'RuntimeLibrary': valor 'MT_StaticRelease' não corresponde ao valor 'MTd_StaticDebug' no DLLExportTableParser.obj
LIEF.lib(hash.cpp.obj) : error LNK2038: não correspondência detectada para '_ITERATOR_DEBUG_LEVEL': valor '0' não corresponde ao valor '2' no DLLExportTableParser.obj
LIEF.lib(hash.cpp.obj) : error LNK2038: não correspondência detectada para 'RuntimeLibrary': valor 'MT_StaticRelease' não corresponde ao valor 'MTd_StaticDebug' no DLLExportTableParser.obj
LIEF.lib(Convert.cpp.obj) : error LNK2038: não correspondência detectada para '_ITERATOR_DEBUG_LEVEL': valor '0' não corresponde ao valor '2' no DLLExportTableParser.obj
LIEF.lib(Convert.cpp.obj) : error LNK2038: não correspondência detectada para 'RuntimeLibrary': valor 'MT_StaticRelease' não corresponde ao valor 'MTd_StaticDebug' no DLLExportTableParser.obj
LIEF.lib(x509.cpp.obj) : error LNK2038: não correspondência detectada para '_ITERATOR_DEBUG_LEVEL': valor '0' não corresponde ao valor '2' no DLLExportTableParser.obj
LIEF.lib(x509.cpp.obj) : error LNK2038: não correspondência detectada para 'RuntimeLibrary': valor 'MT_StaticRelease' não corresponde ao valor 'MTd_StaticDebug' no DLLExportTableParser.obj
LIEF.lib(SignerInfo.cpp.obj) : error LNK2038: não correspondência detectada para '_ITERATOR_DEBUG_LEVEL': valor '0' não corresponde ao valor '2' no DLLExportTableParser.obj
LIEF.lib(SignerInfo.cpp.obj) : error LNK2038: não correspondência detectada para 'RuntimeLibrary': valor 'MT_StaticRelease' não corresponde ao valor 'MTd_StaticDebug' no DLLExportTableParser.obj
LIEF.lib(ContentInfo.cpp.obj) : error LNK2038: não correspondência detectada para '_ITERATOR_DEBUG_LEVEL': valor '0' não corresponde ao valor '2' no DLLExportTableParser.obj
LIEF.lib(ContentInfo.cpp.obj) : error LNK2038: não correspondência detectada para 'RuntimeLibrary': valor 'MT_StaticRelease' não corresponde ao valor 'MTd_StaticDebug' no DLLExportTableParser.obj
LIEF.lib(OIDToString.cpp.obj) : error LNK2038: não correspondência detectada para '_ITERATOR_DEBUG_LEVEL': valor '0' não corresponde ao valor '2' no DLLExportTableParser.obj
LIEF.lib(OIDToString.cpp.obj) : error LNK2038: não correspondência detectada para 'RuntimeLibrary': valor 'MT_StaticRelease' não corresponde ao valor 'MTd_StaticDebug' no DLLExportTableParser.obj
LIEF.lib(ContentType.cpp.obj) : error LNK2038: não correspondência detectada para '_ITERATOR_DEBUG_LEVEL': valor '0' não corresponde ao valor '2' no DLLExportTableParser.obj
LIEF.lib(ContentType.cpp.obj) : error LNK2038: não correspondência detectada para 'RuntimeLibrary': valor 'MT_StaticRelease' não corresponde ao valor 'MTd_StaticDebug' no DLLExportTableParser.obj
LIEF.lib(GenericType.cpp.obj) : error LNK2038: não correspondência detectada para '_ITERATOR_DEBUG_LEVEL': valor '0' não corresponde ao valor '2' no DLLExportTableParser.obj
LIEF.lib(GenericType.cpp.obj) : error LNK2038: não correspondência detectada para 'RuntimeLibrary': valor 'MT_StaticRelease' não corresponde ao valor 'MTd_StaticDebug' no DLLExportTableParser.obj
LIEF.lib(SpcSpOpusInfo.cpp.obj) : error LNK2038: não correspondência detectada para '_ITERATOR_DEBUG_LEVEL': valor '0' não corresponde ao valor '2' no DLLExportTableParser.obj
LIEF.lib(SpcSpOpusInfo.cpp.obj) : error LNK2038: não correspondência detectada para 'RuntimeLibrary': valor 'MT_StaticRelease' não corresponde ao valor 'MTd_StaticDebug' no DLLExportTableParser.obj
LIEF.lib(PKCS9CounterSignature.cpp.obj) : error LNK2038: não correspondência detectada para '_ITERATOR_DEBUG_LEVEL': valor '0' não corresponde ao valor '2' no DLLExportTableParser.obj
LIEF.lib(PKCS9CounterSignature.cpp.obj) : error LNK2038: não correspondência detectada para 'RuntimeLibrary': valor 'MT_StaticRelease' não corresponde ao valor 'MTd_StaticDebug' no DLLExportTableParser.obj
LIEF.lib(PKCS9MessageDigest.cpp.obj) : error LNK2038: não correspondência detectada para '_ITERATOR_DEBUG_LEVEL': valor '0' não corresponde ao valor '2' no DLLExportTableParser.obj
LIEF.lib(PKCS9MessageDigest.cpp.obj) : error LNK2038: não correspondência detectada para 'RuntimeLibrary': valor 'MT_StaticRelease' não corresponde ao valor 'MTd_StaticDebug' no DLLExportTableParser.obj
LIEF.lib(PKCS9AtSequenceNumber.cpp.obj) : error LNK2038: não correspondência detectada para '_ITERATOR_DEBUG_LEVEL': valor '0' não corresponde ao valor '2' no DLLExportTableParser.obj
LIEF.lib(PKCS9AtSequenceNumber.cpp.obj) : error LNK2038: não correspondência detectada para 'RuntimeLibrary': valor 'MT_StaticRelease' não corresponde ao valor 'MTd_StaticDebug' no DLLExportTableParser.obj
LIEF.lib(PKCS9SigningTime.cpp.obj) : error LNK2038: não correspondência detectada para '_ITERATOR_DEBUG_LEVEL': valor '0' não corresponde ao valor '2' no DLLExportTableParser.obj
LIEF.lib(PKCS9SigningTime.cpp.obj) : error LNK2038: não correspondência detectada para 'RuntimeLibrary': valor 'MT_StaticRelease' não corresponde ao valor 'MTd_StaticDebug' no DLLExportTableParser.obj
LIEF.lib(MsSpcNestedSignature.cpp.obj) : error LNK2038: não correspondência detectada para '_ITERATOR_DEBUG_LEVEL': valor '0' não corresponde ao valor '2' no DLLExportTableParser.obj
LIEF.lib(MsSpcNestedSignature.cpp.obj) : error LNK2038: não correspondência detectada para 'RuntimeLibrary': valor 'MT_StaticRelease' não corresponde ao valor 'MTd_StaticDebug' no DLLExportTableParser.obj
LIEF.lib(MsSpcStatementType.cpp.obj) : error LNK2038: não correspondência detectada para '_ITERATOR_DEBUG_LEVEL': valor '0' não corresponde ao valor '2' no DLLExportTableParser.obj
LIEF.lib(MsSpcStatementType.cpp.obj) : error LNK2038: não correspondência detectada para 'RuntimeLibrary': valor 'MT_StaticRelease' não corresponde ao valor 'MTd_StaticDebug' no DLLExportTableParser.obj
LIEF.lib(hash.cpp.obj) : error LNK2038: não correspondência detectada para '_ITERATOR_DEBUG_LEVEL': valor '0' não corresponde ao valor '2' no DLLExportTableParser.obj
LIEF.lib(hash.cpp.obj) : error LNK2038: não correspondência detectada para 'RuntimeLibrary': valor 'MT_StaticRelease' não corresponde ao valor 'MTd_StaticDebug' no DLLExportTableParser.obj
LIEF.lib(CodeView.cpp.obj) : error LNK2038: não correspondência detectada para '_ITERATOR_DEBUG_LEVEL': valor '0' não corresponde ao valor '2' no DLLExportTableParser.obj
LIEF.lib(CodeView.cpp.obj) : error LNK2038: não correspondência detectada para 'RuntimeLibrary': valor 'MT_StaticRelease' não corresponde ao valor 'MTd_StaticDebug' no DLLExportTableParser.obj
LIEF.lib(Parser.cpp.obj) : error LNK2038: não correspondência detectada para '_ITERATOR_DEBUG_LEVEL': valor '0' não corresponde ao valor '2' no DLLExportTableParser.obj
LIEF.lib(Parser.cpp.obj) : error LNK2038: não correspondência detectada para 'RuntimeLibrary': valor 'MT_StaticRelease' não corresponde ao valor 'MTd_StaticDebug' no DLLExportTableParser.obj
LIEF.lib(Parser.cpp.obj) : error LNK2038: não correspondência detectada para '_ITERATOR_DEBUG_LEVEL': valor '0' não corresponde ao valor '2' no DLLExportTableParser.obj
LIEF.lib(Parser.cpp.obj) : error LNK2038: não correspondência detectada para 'RuntimeLibrary': valor 'MT_StaticRelease' não corresponde ao valor 'MTd_StaticDebug' no DLLExportTableParser.obj
LIEF.lib(utils.cpp.obj) : error LNK2038: não correspondência detectada para '_ITERATOR_DEBUG_LEVEL': valor '0' não corresponde ao valor '2' no DLLExportTableParser.obj
LIEF.lib(utils.cpp.obj) : error LNK2038: não correspondência detectada para 'RuntimeLibrary': valor 'MT_StaticRelease' não corresponde ao valor 'MTd_StaticDebug' no DLLExportTableParser.obj
LIEF.lib(utils.cpp.obj) : error LNK2038: não correspondência detectada para '_ITERATOR_DEBUG_LEVEL': valor '0' não corresponde ao valor '2' no DLLExportTableParser.obj
LIEF.lib(utils.cpp.obj) : error LNK2038: não correspondência detectada para 'RuntimeLibrary': valor 'MT_StaticRelease' não corresponde ao valor 'MTd_StaticDebug' no DLLExportTableParser.obj
LIEF.lib(utils.cpp.obj) : error LNK2038: não correspondência detectada para '_ITERATOR_DEBUG_LEVEL': valor '0' não corresponde ao valor '2' no DLLExportTableParser.obj
LIEF.lib(utils.cpp.obj) : error LNK2038: não correspondência detectada para 'RuntimeLibrary': valor 'MT_StaticRelease' não corresponde ao valor 'MTd_StaticDebug' no DLLExportTableParser.obj
LIEF.lib(ParserConfig.cpp.obj) : error LNK2038: não correspondência detectada para '_ITERATOR_DEBUG_LEVEL': valor '0' não corresponde ao valor '2' no DLLExportTableParser.obj
LIEF.lib(ParserConfig.cpp.obj) : error LNK2038: não correspondência detectada para 'RuntimeLibrary': valor 'MT_StaticRelease' não corresponde ao valor 'MTd_StaticDebug' no DLLExportTableParser.obj
LIEF.lib(Parser.cpp.obj) : error LNK2038: não correspondência detectada para '_ITERATOR_DEBUG_LEVEL': valor '0' não corresponde ao valor '2' no DLLExportTableParser.obj
LIEF.lib(Parser.cpp.obj) : error LNK2038: não correspondência detectada para 'RuntimeLibrary': valor 'MT_StaticRelease' não corresponde ao valor 'MTd_StaticDebug' no DLLExportTableParser.obj
LIEF.lib(FatBinary.cpp.obj) : error LNK2038: não correspondência detectada para '_ITERATOR_DEBUG_LEVEL': valor '0' não corresponde ao valor '2' no DLLExportTableParser.obj
LIEF.lib(FatBinary.cpp.obj) : error LNK2038: não correspondência detectada para 'RuntimeLibrary': valor 'MT_StaticRelease' não corresponde ao valor 'MTd_StaticDebug' no DLLExportTableParser.obj
LIEF.lib(FileStream.cpp.obj) : error LNK2038: não correspondência detectada para '_ITERATOR_DEBUG_LEVEL': valor '0' não corresponde ao valor '2' no DLLExportTableParser.obj
LIEF.lib(FileStream.cpp.obj) : error LNK2038: não correspondência detectada para 'RuntimeLibrary': valor 'MT_StaticRelease' não corresponde ao valor 'MTd_StaticDebug' no DLLExportTableParser.obj
LIEF.lib(hash_stream.cpp.obj) : error LNK2038: não correspondência detectada para '_ITERATOR_DEBUG_LEVEL': valor '0' não corresponde ao valor '2' no DLLExportTableParser.obj
LIEF.lib(hash_stream.cpp.obj) : error LNK2038: não correspondência detectada para 'RuntimeLibrary': valor 'MT_StaticRelease' não corresponde ao valor 'MTd_StaticDebug' no DLLExportTableParser.obj
LIEF.lib(RichEntry.cpp.obj) : error LNK2038: não correspondência detectada para '_ITERATOR_DEBUG_LEVEL': valor '0' não corresponde ao valor '2' no DLLExportTableParser.obj
LIEF.lib(RichEntry.cpp.obj) : error LNK2038: não correspondência detectada para 'RuntimeLibrary': valor 'MT_StaticRelease' não corresponde ao valor 'MTd_StaticDebug' no DLLExportTableParser.obj
LIEF.lib(iostream.cpp.obj) : error LNK2038: não correspondência detectada para '_ITERATOR_DEBUG_LEVEL': valor '0' não corresponde ao valor '2' no DLLExportTableParser.obj
LIEF.lib(iostream.cpp.obj) : error LNK2038: não correspondência detectada para 'RuntimeLibrary': valor 'MT_StaticRelease' não corresponde ao valor 'MTd_StaticDebug' no DLLExportTableParser.obj
LIEF.lib(Header.cpp.obj) : error LNK2038: não correspondência detectada para '_ITERATOR_DEBUG_LEVEL': valor '0' não corresponde ao valor '2' no DLLExportTableParser.obj
LIEF.lib(Header.cpp.obj) : error LNK2038: não correspondência detectada para 'RuntimeLibrary': valor 'MT_StaticRelease' não corresponde ao valor 'MTd_StaticDebug' no DLLExportTableParser.obj
LIEF.lib(Function.cpp.obj) : error LNK2038: não correspondência detectada para '_ITERATOR_DEBUG_LEVEL': valor '0' não corresponde ao valor '2' no DLLExportTableParser.obj
LIEF.lib(Function.cpp.obj) : error LNK2038: não correspondência detectada para 'RuntimeLibrary': valor 'MT_StaticRelease' não corresponde ao valor 'MTd_StaticDebug' no DLLExportTableParser.obj
LIEF.lib(Builder.cpp.obj) : error LNK2038: não correspondência detectada para '_ITERATOR_DEBUG_LEVEL': valor '0' não corresponde ao valor '2' no DLLExportTableParser.obj
LIEF.lib(Builder.cpp.obj) : error LNK2038: não correspondência detectada para 'RuntimeLibrary': valor 'MT_StaticRelease' não corresponde ao valor 'MTd_StaticDebug' no DLLExportTableParser.obj
LIEF.lib(ResourcesManager.cpp.obj) : error LNK2038: não correspondência detectada para '_ITERATOR_DEBUG_LEVEL': valor '0' não corresponde ao valor '2' no DLLExportTableParser.obj
LIEF.lib(ResourcesManager.cpp.obj) : error LNK2038: não correspondência detectada para 'RuntimeLibrary': valor 'MT_StaticRelease' não corresponde ao valor 'MTd_StaticDebug' no DLLExportTableParser.obj
LIEF.lib(hash.cpp.obj) : error LNK2038: não correspondência detectada para '_ITERATOR_DEBUG_LEVEL': valor '0' não corresponde ao valor '2' no DLLExportTableParser.obj
LIEF.lib(hash.cpp.obj) : error LNK2038: não correspondência detectada para 'RuntimeLibrary': valor 'MT_StaticRelease' não corresponde ao valor 'MTd_StaticDebug' no DLLExportTableParser.obj
LIEF.lib(Relocation.cpp.obj) : error LNK2038: não correspondência detectada para '_ITERATOR_DEBUG_LEVEL': valor '0' não corresponde ao valor '2' no DLLExportTableParser.obj
LIEF.lib(Relocation.cpp.obj) : error LNK2038: não correspondência detectada para 'RuntimeLibrary': valor 'MT_StaticRelease' não corresponde ao valor 'MTd_StaticDebug' no DLLExportTableParser.obj
LIEF.lib(Visitor.cpp.obj) : error LNK2038: não correspondência detectada para '_ITERATOR_DEBUG_LEVEL': valor '0' não corresponde ao valor '2' no DLLExportTableParser.obj
LIEF.lib(Visitor.cpp.obj) : error LNK2038: não correspondência detectada para 'RuntimeLibrary': valor 'MT_StaticRelease' não corresponde ao valor 'MTd_StaticDebug' no DLLExportTableParser.obj
LIEF.lib(RsaInfo.cpp.obj) : error LNK2038: não correspondência detectada para '_ITERATOR_DEBUG_LEVEL': valor '0' não corresponde ao valor '2' no DLLExportTableParser.obj
LIEF.lib(RsaInfo.cpp.obj) : error LNK2038: não correspondência detectada para 'RuntimeLibrary': valor 'MT_StaticRelease' não corresponde ao valor 'MTd_StaticDebug' no DLLExportTableParser.obj
LIEF.lib(Attribute.cpp.obj) : error LNK2038: não correspondência detectada para '_ITERATOR_DEBUG_LEVEL': valor '0' não corresponde ao valor '2' no DLLExportTableParser.obj
LIEF.lib(Attribute.cpp.obj) : error LNK2038: não correspondência detectada para 'RuntimeLibrary': valor 'MT_StaticRelease' não corresponde ao valor 'MTd_StaticDebug' no DLLExportTableParser.obj
LIEF.lib(ResourceVersion.cpp.obj) : error LNK2038: não correspondência detectada para '_ITERATOR_DEBUG_LEVEL': valor '0' não corresponde ao valor '2' no DLLExportTableParser.obj
LIEF.lib(ResourceVersion.cpp.obj) : error LNK2038: não correspondência detectada para 'RuntimeLibrary': valor 'MT_StaticRelease' não corresponde ao valor 'MTd_StaticDebug' no DLLExportTableParser.obj
LIEF.lib(ResourceIcon.cpp.obj) : error LNK2038: não correspondência detectada para '_ITERATOR_DEBUG_LEVEL': valor '0' não corresponde ao valor '2' no DLLExportTableParser.obj
LIEF.lib(ResourceIcon.cpp.obj) : error LNK2038: não correspondência detectada para 'RuntimeLibrary': valor 'MT_StaticRelease' não corresponde ao valor 'MTd_StaticDebug' no DLLExportTableParser.obj
LIEF.lib(ResourceDialogItem.cpp.obj) : error LNK2038: não correspondência detectada para '_ITERATOR_DEBUG_LEVEL': valor '0' não corresponde ao valor '2' no DLLExportTableParser.obj
LIEF.lib(ResourceDialogItem.cpp.obj) : error LNK2038: não correspondência detectada para 'RuntimeLibrary': valor 'MT_StaticRelease' não corresponde ao valor 'MTd_StaticDebug' no DLLExportTableParser.obj
LIEF.lib(ResourceDialog.cpp.obj) : error LNK2038: não correspondência detectada para '_ITERATOR_DEBUG_LEVEL': valor '0' não corresponde ao valor '2' no DLLExportTableParser.obj
LIEF.lib(ResourceDialog.cpp.obj) : error LNK2038: não correspondência detectada para 'RuntimeLibrary': valor 'MT_StaticRelease' não corresponde ao valor 'MTd_StaticDebug' no DLLExportTableParser.obj
LIEF.lib(ResourceStringTable.cpp.obj) : error LNK2038: não correspondência detectada para '_ITERATOR_DEBUG_LEVEL': valor '0' não corresponde ao valor '2' no DLLExportTableParser.obj
LIEF.lib(ResourceStringTable.cpp.obj) : error LNK2038: não correspondência detectada para 'RuntimeLibrary': valor 'MT_StaticRelease' não corresponde ao valor 'MTd_StaticDebug' no DLLExportTableParser.obj
LIEF.lib(ResourceAccelerator.cpp.obj) : error LNK2038: não correspondência detectada para '_ITERATOR_DEBUG_LEVEL': valor '0' não corresponde ao valor '2' no DLLExportTableParser.obj
LIEF.lib(ResourceAccelerator.cpp.obj) : error LNK2038: não correspondência detectada para 'RuntimeLibrary': valor 'MT_StaticRelease' não corresponde ao valor 'MTd_StaticDebug' no DLLExportTableParser.obj
LIEF.lib(LangCodeItem.cpp.obj) : error LNK2038: não correspondência detectada para '_ITERATOR_DEBUG_LEVEL': valor '0' não corresponde ao valor '2' no DLLExportTableParser.obj
LIEF.lib(LangCodeItem.cpp.obj) : error LNK2038: não correspondência detectada para 'RuntimeLibrary': valor 'MT_StaticRelease' não corresponde ao valor 'MTd_StaticDebug' no DLLExportTableParser.obj
LIEF.lib(ResourceFixedFileInfo.cpp.obj) : error LNK2038: não correspondência detectada para '_ITERATOR_DEBUG_LEVEL': valor '0' não corresponde ao valor '2' no DLLExportTableParser.obj
LIEF.lib(ResourceFixedFileInfo.cpp.obj) : error LNK2038: não correspondência detectada para 'RuntimeLibrary': valor 'MT_StaticRelease' não corresponde ao valor 'MTd_StaticDebug' no DLLExportTableParser.obj
LIEF.lib(ResourceStringFileInfo.cpp.obj) : error LNK2038: não correspondência detectada para '_ITERATOR_DEBUG_LEVEL': valor '0' não corresponde ao valor '2' no DLLExportTableParser.obj
LIEF.lib(ResourceStringFileInfo.cpp.obj) : error LNK2038: não correspondência detectada para 'RuntimeLibrary': valor 'MT_StaticRelease' não corresponde ao valor 'MTd_StaticDebug' no DLLExportTableParser.obj
LIEF.lib(ResourceVarFileInfo.cpp.obj) : error LNK2038: não correspondência detectada para '_ITERATOR_DEBUG_LEVEL': valor '0' não corresponde ao valor '2' no DLLExportTableParser.obj
LIEF.lib(ResourceVarFileInfo.cpp.obj) : error LNK2038: não correspondência detectada para 'RuntimeLibrary': valor 'MT_StaticRelease' não corresponde ao valor 'MTd_StaticDebug' no DLLExportTableParser.obj
LIEF.lib(Header.cpp.obj) : error LNK2038: não correspondência detectada para '_ITERATOR_DEBUG_LEVEL': valor '0' não corresponde ao valor '2' no DLLExportTableParser.obj
LIEF.lib(Header.cpp.obj) : error LNK2038: não correspondência detectada para 'RuntimeLibrary': valor 'MT_StaticRelease' não corresponde ao valor 'MTd_StaticDebug' no DLLExportTableParser.obj
LIEF.lib(Binary.cpp.obj) : error LNK2038: não correspondência detectada para '_ITERATOR_DEBUG_LEVEL': valor '0' não corresponde ao valor '2' no DLLExportTableParser.obj
LIEF.lib(Binary.cpp.obj) : error LNK2038: não correspondência detectada para 'RuntimeLibrary': valor 'MT_StaticRelease' não corresponde ao valor 'MTd_StaticDebug' no DLLExportTableParser.obj
LIEF.lib(SymbolVersion.cpp.obj) : error LNK2038: não correspondência detectada para '_ITERATOR_DEBUG_LEVEL': valor '0' não corresponde ao valor '2' no DLLExportTableParser.obj
LIEF.lib(SymbolVersion.cpp.obj) : error LNK2038: não correspondência detectada para 'RuntimeLibrary': valor 'MT_StaticRelease' não corresponde ao valor 'MTd_StaticDebug' no DLLExportTableParser.obj
LIEF.lib(Segment.cpp.obj) : error LNK2038: não correspondência detectada para '_ITERATOR_DEBUG_LEVEL': valor '0' não corresponde ao valor '2' no DLLExportTableParser.obj
LIEF.lib(Segment.cpp.obj) : error LNK2038: não correspondência detectada para 'RuntimeLibrary': valor 'MT_StaticRelease' não corresponde ao valor 'MTd_StaticDebug' no DLLExportTableParser.obj
LIEF.lib(Section.cpp.obj) : error LNK2038: não correspondência detectada para '_ITERATOR_DEBUG_LEVEL': valor '0' não corresponde ao valor '2' no DLLExportTableParser.obj
LIEF.lib(Section.cpp.obj) : error LNK2038: não correspondência detectada para 'RuntimeLibrary': valor 'MT_StaticRelease' não corresponde ao valor 'MTd_StaticDebug' no DLLExportTableParser.obj
LIEF.lib(Symbol.cpp.obj) : error LNK2038: não correspondência detectada para '_ITERATOR_DEBUG_LEVEL': valor '0' não corresponde ao valor '2' no DLLExportTableParser.obj
LIEF.lib(Symbol.cpp.obj) : error LNK2038: não correspondência detectada para 'RuntimeLibrary': valor 'MT_StaticRelease' não corresponde ao valor 'MTd_StaticDebug' no DLLExportTableParser.obj
LIEF.lib(Note.cpp.obj) : error LNK2038: não correspondência detectada para '_ITERATOR_DEBUG_LEVEL': valor '0' não corresponde ao valor '2' no DLLExportTableParser.obj
LIEF.lib(Note.cpp.obj) : error LNK2038: não correspondência detectada para 'RuntimeLibrary': valor 'MT_StaticRelease' não corresponde ao valor 'MTd_StaticDebug' no DLLExportTableParser.obj
LIEF.lib(SysvHash.cpp.obj) : error LNK2038: não correspondência detectada para '_ITERATOR_DEBUG_LEVEL': valor '0' não corresponde ao valor '2' no DLLExportTableParser.obj
LIEF.lib(SysvHash.cpp.obj) : error LNK2038: não correspondência detectada para 'RuntimeLibrary': valor 'MT_StaticRelease' não corresponde ao valor 'MTd_StaticDebug' no DLLExportTableParser.obj
LIEF.lib(Handler.cpp.obj) : error LNK2038: não correspondência detectada para '_ITERATOR_DEBUG_LEVEL': valor '0' não corresponde ao valor '2' no DLLExportTableParser.obj
LIEF.lib(Handler.cpp.obj) : error LNK2038: não correspondência detectada para 'RuntimeLibrary': valor 'MT_StaticRelease' não corresponde ao valor 'MTd_StaticDebug' no DLLExportTableParser.obj
LIEF.lib(hash.cpp.obj) : error LNK2038: não correspondência detectada para '_ITERATOR_DEBUG_LEVEL': valor '0' não corresponde ao valor '2' no DLLExportTableParser.obj
LIEF.lib(hash.cpp.obj) : error LNK2038: não correspondência detectada para 'RuntimeLibrary': valor 'MT_StaticRelease' não corresponde ao valor 'MTd_StaticDebug' no DLLExportTableParser.obj
LIEF.lib(DynamicEntry.cpp.obj) : error LNK2038: não correspondência detectada para '_ITERATOR_DEBUG_LEVEL': valor '0' não corresponde ao valor '2' no DLLExportTableParser.obj
LIEF.lib(DynamicEntry.cpp.obj) : error LNK2038: não correspondência detectada para 'RuntimeLibrary': valor 'MT_StaticRelease' não corresponde ao valor 'MTd_StaticDebug' no DLLExportTableParser.obj
LIEF.lib(DynamicEntryFlags.cpp.obj) : error LNK2038: não correspondência detectada para '_ITERATOR_DEBUG_LEVEL': valor '0' não corresponde ao valor '2' no DLLExportTableParser.obj
LIEF.lib(DynamicEntryFlags.cpp.obj) : error LNK2038: não correspondência detectada para 'RuntimeLibrary': valor 'MT_StaticRelease' não corresponde ao valor 'MTd_StaticDebug' no DLLExportTableParser.obj
LIEF.lib(Relocation.cpp.obj) : error LNK2038: não correspondência detectada para '_ITERATOR_DEBUG_LEVEL': valor '0' não corresponde ao valor '2' no DLLExportTableParser.obj
LIEF.lib(Relocation.cpp.obj) : error LNK2038: não correspondência detectada para 'RuntimeLibrary': valor 'MT_StaticRelease' não corresponde ao valor 'MTd_StaticDebug' no DLLExportTableParser.obj
LIEF.lib(GnuHash.cpp.obj) : error LNK2038: não correspondência detectada para '_ITERATOR_DEBUG_LEVEL': valor '0' não corresponde ao valor '2' no DLLExportTableParser.obj
LIEF.lib(GnuHash.cpp.obj) : error LNK2038: não correspondência detectada para 'RuntimeLibrary': valor 'MT_StaticRelease' não corresponde ao valor 'MTd_StaticDebug' no DLLExportTableParser.obj
LIEF.lib(DynamicEntryLibrary.cpp.obj) : error LNK2038: não correspondência detectada para '_ITERATOR_DEBUG_LEVEL': valor '0' não corresponde ao valor '2' no DLLExportTableParser.obj
LIEF.lib(DynamicEntryLibrary.cpp.obj) : error LNK2038: não correspondência detectada para 'RuntimeLibrary': valor 'MT_StaticRelease' não corresponde ao valor 'MTd_StaticDebug' no DLLExportTableParser.obj
LIEF.lib(DynamicEntryArray.cpp.obj) : error LNK2038: não correspondência detectada para '_ITERATOR_DEBUG_LEVEL': valor '0' não corresponde ao valor '2' no DLLExportTableParser.obj
LIEF.lib(DynamicEntryArray.cpp.obj) : error LNK2038: não correspondência detectada para 'RuntimeLibrary': valor 'MT_StaticRelease' não corresponde ao valor 'MTd_StaticDebug' no DLLExportTableParser.obj
LIEF.lib(DynamicSharedObject.cpp.obj) : error LNK2038: não correspondência detectada para '_ITERATOR_DEBUG_LEVEL': valor '0' não corresponde ao valor '2' no DLLExportTableParser.obj
LIEF.lib(DynamicSharedObject.cpp.obj) : error LNK2038: não correspondência detectada para 'RuntimeLibrary': valor 'MT_StaticRelease' não corresponde ao valor 'MTd_StaticDebug' no DLLExportTableParser.obj
LIEF.lib(DynamicEntryRunPath.cpp.obj) : error LNK2038: não correspondência detectada para '_ITERATOR_DEBUG_LEVEL': valor '0' não corresponde ao valor '2' no DLLExportTableParser.obj
LIEF.lib(DynamicEntryRunPath.cpp.obj) : error LNK2038: não correspondência detectada para 'RuntimeLibrary': valor 'MT_StaticRelease' não corresponde ao valor 'MTd_StaticDebug' no DLLExportTableParser.obj
LIEF.lib(DynamicEntryRpath.cpp.obj) : error LNK2038: não correspondência detectada para '_ITERATOR_DEBUG_LEVEL': valor '0' não corresponde ao valor '2' no DLLExportTableParser.obj
LIEF.lib(DynamicEntryRpath.cpp.obj) : error LNK2038: não correspondência detectada para 'RuntimeLibrary': valor 'MT_StaticRelease' não corresponde ao valor 'MTd_StaticDebug' no DLLExportTableParser.obj
LIEF.lib(SymbolVersionRequirement.cpp.obj) : error LNK2038: não correspondência detectada para '_ITERATOR_DEBUG_LEVEL': valor '0' não corresponde ao valor '2' no DLLExportTableParser.obj
LIEF.lib(SymbolVersionRequirement.cpp.obj) : error LNK2038: não correspondência detectada para 'RuntimeLibrary': valor 'MT_StaticRelease' não corresponde ao valor 'MTd_StaticDebug' no DLLExportTableParser.obj
LIEF.lib(SymbolVersionDefinition.cpp.obj) : error LNK2038: não correspondência detectada para '_ITERATOR_DEBUG_LEVEL': valor '0' não corresponde ao valor '2' no DLLExportTableParser.obj
LIEF.lib(SymbolVersionDefinition.cpp.obj) : error LNK2038: não correspondência detectada para 'RuntimeLibrary': valor 'MT_StaticRelease' não corresponde ao valor 'MTd_StaticDebug' no DLLExportTableParser.obj
LIEF.lib(SymbolVersionAux.cpp.obj) : error LNK2038: não correspondência detectada para '_ITERATOR_DEBUG_LEVEL': valor '0' não corresponde ao valor '2' no DLLExportTableParser.obj
LIEF.lib(SymbolVersionAux.cpp.obj) : error LNK2038: não correspondência detectada para 'RuntimeLibrary': valor 'MT_StaticRelease' não corresponde ao valor 'MTd_StaticDebug' no DLLExportTableParser.obj
LIEF.lib(SymbolVersionAuxRequirement.cpp.obj) : error LNK2038: não correspondência detectada para '_ITERATOR_DEBUG_LEVEL': valor '0' não corresponde ao valor '2' no DLLExportTableParser.obj
LIEF.lib(SymbolVersionAuxRequirement.cpp.obj) : error LNK2038: não correspondência detectada para 'RuntimeLibrary': valor 'MT_StaticRelease' não corresponde ao valor 'MTd_StaticDebug' no DLLExportTableParser.obj
LIEF.lib(EnumToString.cpp.obj) : error LNK2038: não correspondência detectada para '_ITERATOR_DEBUG_LEVEL': valor '0' não corresponde ao valor '2' no DLLExportTableParser.obj
LIEF.lib(EnumToString.cpp.obj) : error LNK2038: não correspondência detectada para 'RuntimeLibrary': valor 'MT_StaticRelease' não corresponde ao valor 'MTd_StaticDebug' no DLLExportTableParser.obj
LIEF.lib(Convert.cpp.obj) : error LNK2038: não correspondência detectada para '_ITERATOR_DEBUG_LEVEL': valor '0' não corresponde ao valor '2' no DLLExportTableParser.obj
LIEF.lib(Convert.cpp.obj) : error LNK2038: não correspondência detectada para 'RuntimeLibrary': valor 'MT_StaticRelease' não corresponde ao valor 'MTd_StaticDebug' no DLLExportTableParser.obj
LIEF.lib(Header.cpp.obj) : error LNK2038: não correspondência detectada para '_ITERATOR_DEBUG_LEVEL': valor '0' não corresponde ao valor '2' no DLLExportTableParser.obj
LIEF.lib(Header.cpp.obj) : error LNK2038: não correspondência detectada para 'RuntimeLibrary': valor 'MT_StaticRelease' não corresponde ao valor 'MTd_StaticDebug' no DLLExportTableParser.obj
LIEF.lib(Binary.cpp.obj) : error LNK2038: não correspondência detectada para '_ITERATOR_DEBUG_LEVEL': valor '0' não corresponde ao valor '2' no DLLExportTableParser.obj
LIEF.lib(Binary.cpp.obj) : error LNK2038: não correspondência detectada para 'RuntimeLibrary': valor 'MT_StaticRelease' não corresponde ao valor 'MTd_StaticDebug' no DLLExportTableParser.obj
LIEF.lib(Method.cpp.obj) : error LNK2038: não correspondência detectada para '_ITERATOR_DEBUG_LEVEL': valor '0' não corresponde ao valor '2' no DLLExportTableParser.obj
LIEF.lib(Method.cpp.obj) : error LNK2038: não correspondência detectada para 'RuntimeLibrary': valor 'MT_StaticRelease' não corresponde ao valor 'MTd_StaticDebug' no DLLExportTableParser.obj
LIEF.lib(utils.cpp.obj) : error LNK2038: não correspondência detectada para '_ITERATOR_DEBUG_LEVEL': valor '0' não corresponde ao valor '2' no DLLExportTableParser.obj
LIEF.lib(utils.cpp.obj) : error LNK2038: não correspondência detectada para 'RuntimeLibrary': valor 'MT_StaticRelease' não corresponde ao valor 'MTd_StaticDebug' no DLLExportTableParser.obj
LIEF.lib(File.cpp.obj) : error LNK2038: não correspondência detectada para '_ITERATOR_DEBUG_LEVEL': valor '0' não corresponde ao valor '2' no DLLExportTableParser.obj
LIEF.lib(File.cpp.obj) : error LNK2038: não correspondência detectada para 'RuntimeLibrary': valor 'MT_StaticRelease' não corresponde ao valor 'MTd_StaticDebug' no DLLExportTableParser.obj
LIEF.lib(Parser.cpp.obj) : error LNK2038: não correspondência detectada para '_ITERATOR_DEBUG_LEVEL': valor '0' não corresponde ao valor '2' no DLLExportTableParser.obj
LIEF.lib(Parser.cpp.obj) : error LNK2038: não correspondência detectada para 'RuntimeLibrary': valor 'MT_StaticRelease' não corresponde ao valor 'MTd_StaticDebug' no DLLExportTableParser.obj
LIEF.lib(Header.cpp.obj) : error LNK2038: não correspondência detectada para '_ITERATOR_DEBUG_LEVEL': valor '0' não corresponde ao valor '2' no DLLExportTableParser.obj
LIEF.lib(Header.cpp.obj) : error LNK2038: não correspondência detectada para 'RuntimeLibrary': valor 'MT_StaticRelease' não corresponde ao valor 'MTd_StaticDebug' no DLLExportTableParser.obj
LIEF.lib(File.cpp.obj) : error LNK2038: não correspondência detectada para '_ITERATOR_DEBUG_LEVEL': valor '0' não corresponde ao valor '2' no DLLExportTableParser.obj
LIEF.lib(File.cpp.obj) : error LNK2038: não correspondência detectada para 'RuntimeLibrary': valor 'MT_StaticRelease' não corresponde ao valor 'MTd_StaticDebug' no DLLExportTableParser.obj
LIEF.lib(Parser.cpp.obj) : error LNK2038: não correspondência detectada para '_ITERATOR_DEBUG_LEVEL': valor '0' não corresponde ao valor '2' no DLLExportTableParser.obj
LIEF.lib(Parser.cpp.obj) : error LNK2038: não correspondência detectada para 'RuntimeLibrary': valor 'MT_StaticRelease' não corresponde ao valor 'MTd_StaticDebug' no DLLExportTableParser.obj
LIEF.lib(utils.cpp.obj) : error LNK2038: não correspondência detectada para '_ITERATOR_DEBUG_LEVEL': valor '0' não corresponde ao valor '2' no DLLExportTableParser.obj
LIEF.lib(utils.cpp.obj) : error LNK2038: não correspondência detectada para 'RuntimeLibrary': valor 'MT_StaticRelease' não corresponde ao valor 'MTd_StaticDebug' no DLLExportTableParser.obj
LIEF.lib(Class.cpp.obj) : error LNK2038: não correspondência detectada para '_ITERATOR_DEBUG_LEVEL': valor '0' não corresponde ao valor '2' no DLLExportTableParser.obj
LIEF.lib(Class.cpp.obj) : error LNK2038: não correspondência detectada para 'RuntimeLibrary': valor 'MT_StaticRelease' não corresponde ao valor 'MTd_StaticDebug' no DLLExportTableParser.obj
LIEF.lib(Method.cpp.obj) : error LNK2038: não correspondência detectada para '_ITERATOR_DEBUG_LEVEL': valor '0' não corresponde ao valor '2' no DLLExportTableParser.obj
LIEF.lib(Method.cpp.obj) : error LNK2038: não correspondência detectada para 'RuntimeLibrary': valor 'MT_StaticRelease' não corresponde ao valor 'MTd_StaticDebug' no DLLExportTableParser.obj
LIEF.lib(Class.cpp.obj) : error LNK2038: não correspondência detectada para '_ITERATOR_DEBUG_LEVEL': valor '0' não corresponde ao valor '2' no DLLExportTableParser.obj
LIEF.lib(Class.cpp.obj) : error LNK2038: não correspondência detectada para 'RuntimeLibrary': valor 'MT_StaticRelease' não corresponde ao valor 'MTd_StaticDebug' no DLLExportTableParser.obj
LIEF.lib(DexFile.cpp.obj) : error LNK2038: não correspondência detectada para '_ITERATOR_DEBUG_LEVEL': valor '0' não corresponde ao valor '2' no DLLExportTableParser.obj
LIEF.lib(DexFile.cpp.obj) : error LNK2038: não correspondência detectada para 'RuntimeLibrary': valor 'MT_StaticRelease' não corresponde ao valor 'MTd_StaticDebug' no DLLExportTableParser.obj
LIEF.lib(LoadCommand.cpp.obj) : error LNK2038: não correspondência detectada para '_ITERATOR_DEBUG_LEVEL': valor '0' não corresponde ao valor '2' no DLLExportTableParser.obj
LIEF.lib(LoadCommand.cpp.obj) : error LNK2038: não correspondência detectada para 'RuntimeLibrary': valor 'MT_StaticRelease' não corresponde ao valor 'MTd_StaticDebug' no DLLExportTableParser.obj
LIEF.lib(DynamicSymbolCommand.cpp.obj) : error LNK2038: não correspondência detectada para '_ITERATOR_DEBUG_LEVEL': valor '0' não corresponde ao valor '2' no DLLExportTableParser.obj
LIEF.lib(DynamicSymbolCommand.cpp.obj) : error LNK2038: não correspondência detectada para 'RuntimeLibrary': valor 'MT_StaticRelease' não corresponde ao valor 'MTd_StaticDebug' no DLLExportTableParser.obj
LIEF.lib(SegmentSplitInfo.cpp.obj) : error LNK2038: não correspondência detectada para '_ITERATOR_DEBUG_LEVEL': valor '0' não corresponde ao valor '2' no DLLExportTableParser.obj
LIEF.lib(SegmentSplitInfo.cpp.obj) : error LNK2038: não correspondência detectada para 'RuntimeLibrary': valor 'MT_StaticRelease' não corresponde ao valor 'MTd_StaticDebug' no DLLExportTableParser.obj
LIEF.lib(DyldInfo.cpp.obj) : error LNK2038: não correspondência detectada para '_ITERATOR_DEBUG_LEVEL': valor '0' não corresponde ao valor '2' no DLLExportTableParser.obj
LIEF.lib(DyldInfo.cpp.obj) : error LNK2038: não correspondência detectada para 'RuntimeLibrary': valor 'MT_StaticRelease' não corresponde ao valor 'MTd_StaticDebug' no DLLExportTableParser.obj
LIEF.lib(SegmentCommand.cpp.obj) : error LNK2038: não correspondência detectada para '_ITERATOR_DEBUG_LEVEL': valor '0' não corresponde ao valor '2' no DLLExportTableParser.obj
LIEF.lib(SegmentCommand.cpp.obj) : error LNK2038: não correspondência detectada para 'RuntimeLibrary': valor 'MT_StaticRelease' não corresponde ao valor 'MTd_StaticDebug' no DLLExportTableParser.obj
LIEF.lib(Header.cpp.obj) : error LNK2038: não correspondência detectada para '_ITERATOR_DEBUG_LEVEL': valor '0' não corresponde ao valor '2' no DLLExportTableParser.obj
LIEF.lib(Header.cpp.obj) : error LNK2038: não correspondência detectada para 'RuntimeLibrary': valor 'MT_StaticRelease' não corresponde ao valor 'MTd_StaticDebug' no DLLExportTableParser.obj
LIEF.lib(Binary.cpp.obj) : error LNK2038: não correspondência detectada para '_ITERATOR_DEBUG_LEVEL': valor '0' não corresponde ao valor '2' no DLLExportTableParser.obj
LIEF.lib(Binary.cpp.obj) : error LNK2038: não correspondência detectada para 'RuntimeLibrary': valor 'MT_StaticRelease' não corresponde ao valor 'MTd_StaticDebug' no DLLExportTableParser.obj
LIEF.lib(SymbolCommand.cpp.obj) : error LNK2038: não correspondência detectada para '_ITERATOR_DEBUG_LEVEL': valor '0' não corresponde ao valor '2' no DLLExportTableParser.obj
LIEF.lib(SymbolCommand.cpp.obj) : error LNK2038: não correspondência detectada para 'RuntimeLibrary': valor 'MT_StaticRelease' não corresponde ao valor 'MTd_StaticDebug' no DLLExportTableParser.obj
LIEF.lib(DataInCode.cpp.obj) : error LNK2038: não correspondência detectada para '_ITERATOR_DEBUG_LEVEL': valor '0' não corresponde ao valor '2' no DLLExportTableParser.obj
LIEF.lib(DataInCode.cpp.obj) : error LNK2038: não correspondência detectada para 'RuntimeLibrary': valor 'MT_StaticRelease' não corresponde ao valor 'MTd_StaticDebug' no DLLExportTableParser.obj
LIEF.lib(DyldChainedFixups.cpp.obj) : error LNK2038: não correspondência detectada para '_ITERATOR_DEBUG_LEVEL': valor '0' não corresponde ao valor '2' no DLLExportTableParser.obj
LIEF.lib(DyldChainedFixups.cpp.obj) : error LNK2038: não correspondência detectada para 'RuntimeLibrary': valor 'MT_StaticRelease' não corresponde ao valor 'MTd_StaticDebug' no DLLExportTableParser.obj
LIEF.lib(DyldExportsTrie.cpp.obj) : error LNK2038: não correspondência detectada para '_ITERATOR_DEBUG_LEVEL': valor '0' não corresponde ao valor '2' no DLLExportTableParser.obj
LIEF.lib(DyldExportsTrie.cpp.obj) : error LNK2038: não correspondência detectada para 'RuntimeLibrary': valor 'MT_StaticRelease' não corresponde ao valor 'MTd_StaticDebug' no DLLExportTableParser.obj
LIEF.lib(DylibCommand.cpp.obj) : error LNK2038: não correspondência detectada para '_ITERATOR_DEBUG_LEVEL': valor '0' não corresponde ao valor '2' no DLLExportTableParser.obj
LIEF.lib(DylibCommand.cpp.obj) : error LNK2038: não correspondência detectada para 'RuntimeLibrary': valor 'MT_StaticRelease' não corresponde ao valor 'MTd_StaticDebug' no DLLExportTableParser.obj
LIEF.lib(FunctionStarts.cpp.obj) : error LNK2038: não correspondência detectada para '_ITERATOR_DEBUG_LEVEL': valor '0' não corresponde ao valor '2' no DLLExportTableParser.obj
LIEF.lib(FunctionStarts.cpp.obj) : error LNK2038: não correspondência detectada para 'RuntimeLibrary': valor 'MT_StaticRelease' não corresponde ao valor 'MTd_StaticDebug' no DLLExportTableParser.obj
LIEF.lib(CodeSignature.cpp.obj) : error LNK2038: não correspondência detectada para '_ITERATOR_DEBUG_LEVEL': valor '0' não corresponde ao valor '2' no DLLExportTableParser.obj
LIEF.lib(CodeSignature.cpp.obj) : error LNK2038: não correspondência detectada para 'RuntimeLibrary': valor 'MT_StaticRelease' não corresponde ao valor 'MTd_StaticDebug' no DLLExportTableParser.obj
LIEF.lib(EnumToString.cpp.obj) : error LNK2038: não correspondência detectada para '_ITERATOR_DEBUG_LEVEL': valor '0' não corresponde ao valor '2' no DLLExportTableParser.obj
LIEF.lib(EnumToString.cpp.obj) : error LNK2038: não correspondência detectada para 'RuntimeLibrary': valor 'MT_StaticRelease' não corresponde ao valor 'MTd_StaticDebug' no DLLExportTableParser.obj
LIEF.lib(MemoryStream.cpp.obj) : error LNK2038: não correspondência detectada para '_ITERATOR_DEBUG_LEVEL': valor '0' não corresponde ao valor '2' no DLLExportTableParser.obj
LIEF.lib(MemoryStream.cpp.obj) : error LNK2038: não correspondência detectada para 'RuntimeLibrary': valor 'MT_StaticRelease' não corresponde ao valor 'MTd_StaticDebug' no DLLExportTableParser.obj
LIEF.lib(DyldBindingInfo.cpp.obj) : error LNK2038: não correspondência detectada para '_ITERATOR_DEBUG_LEVEL': valor '0' não corresponde ao valor '2' no DLLExportTableParser.obj
LIEF.lib(DyldBindingInfo.cpp.obj) : error LNK2038: não correspondência detectada para 'RuntimeLibrary': valor 'MT_StaticRelease' não corresponde ao valor 'MTd_StaticDebug' no DLLExportTableParser.obj
LIEF.lib(BinaryParser.cpp.obj) : error LNK2038: não correspondência detectada para '_ITERATOR_DEBUG_LEVEL': valor '0' não corresponde ao valor '2' no DLLExportTableParser.obj
LIEF.lib(BinaryParser.cpp.obj) : error LNK2038: não correspondência detectada para 'RuntimeLibrary': valor 'MT_StaticRelease' não corresponde ao valor 'MTd_StaticDebug' no DLLExportTableParser.obj
LIEF.lib(RelocationFixup.cpp.obj) : error LNK2038: não correspondência detectada para '_ITERATOR_DEBUG_LEVEL': valor '0' não corresponde ao valor '2' no DLLExportTableParser.obj
LIEF.lib(RelocationFixup.cpp.obj) : error LNK2038: não correspondência detectada para 'RuntimeLibrary': valor 'MT_StaticRelease' não corresponde ao valor 'MTd_StaticDebug' no DLLExportTableParser.obj
LIEF.lib(RelocationDyld.cpp.obj) : error LNK2038: não correspondência detectada para '_ITERATOR_DEBUG_LEVEL': valor '0' não corresponde ao valor '2' no DLLExportTableParser.obj
LIEF.lib(RelocationDyld.cpp.obj) : error LNK2038: não correspondência detectada para 'RuntimeLibrary': valor 'MT_StaticRelease' não corresponde ao valor 'MTd_StaticDebug' no DLLExportTableParser.obj
LIEF.lib(Builder.cpp.obj) : error LNK2038: não correspondência detectada para '_ITERATOR_DEBUG_LEVEL': valor '0' não corresponde ao valor '2' no DLLExportTableParser.obj
LIEF.lib(Builder.cpp.obj) : error LNK2038: não correspondência detectada para 'RuntimeLibrary': valor 'MT_StaticRelease' não corresponde ao valor 'MTd_StaticDebug' no DLLExportTableParser.obj
LIEF.lib(EnumToString.cpp.obj) : error LNK2038: não correspondência detectada para '_ITERATOR_DEBUG_LEVEL': valor '0' não corresponde ao valor '2' no DLLExportTableParser.obj
LIEF.lib(EnumToString.cpp.obj) : error LNK2038: não correspondência detectada para 'RuntimeLibrary': valor 'MT_StaticRelease' não corresponde ao valor 'MTd_StaticDebug' no DLLExportTableParser.obj
LIEF.lib(ResourcesParser.cpp.obj) : error LNK2038: não correspondência detectada para '_ITERATOR_DEBUG_LEVEL': valor '0' não corresponde ao valor '2' no DLLExportTableParser.obj
LIEF.lib(ResourcesParser.cpp.obj) : error LNK2038: não correspondência detectada para 'RuntimeLibrary': valor 'MT_StaticRelease' não corresponde ao valor 'MTd_StaticDebug' no DLLExportTableParser.obj
LIEF.lib(hash.cpp.obj) : error LNK2038: não correspondência detectada para '_ITERATOR_DEBUG_LEVEL': valor '0' não corresponde ao valor '2' no DLLExportTableParser.obj
LIEF.lib(hash.cpp.obj) : error LNK2038: não correspondência detectada para 'RuntimeLibrary': valor 'MT_StaticRelease' não corresponde ao valor 'MTd_StaticDebug' no DLLExportTableParser.obj
LIEF.lib(hash.cpp.obj) : error LNK2038: não correspondência detectada para '_ITERATOR_DEBUG_LEVEL': valor '0' não corresponde ao valor '2' no DLLExportTableParser.obj
LIEF.lib(hash.cpp.obj) : error LNK2038: não correspondência detectada para 'RuntimeLibrary': valor 'MT_StaticRelease' não corresponde ao valor 'MTd_StaticDebug' no DLLExportTableParser.obj
LIEF.lib(hash.cpp.obj) : error LNK2038: não correspondência detectada para '_ITERATOR_DEBUG_LEVEL': valor '0' não corresponde ao valor '2' no DLLExportTableParser.obj
LIEF.lib(hash.cpp.obj) : error LNK2038: não correspondência detectada para 'RuntimeLibrary': valor 'MT_StaticRelease' não corresponde ao valor 'MTd_StaticDebug' no DLLExportTableParser.obj
LIEF.lib(hash.cpp.obj) : error LNK2038: não correspondência detectada para '_ITERATOR_DEBUG_LEVEL': valor '0' não corresponde ao valor '2' no DLLExportTableParser.obj
LIEF.lib(hash.cpp.obj) : error LNK2038: não correspondência detectada para 'RuntimeLibrary': valor 'MT_StaticRelease' não corresponde ao valor 'MTd_StaticDebug' no DLLExportTableParser.obj
LIEF.lib(hash.cpp.obj) : error LNK2038: não correspondência detectada para '_ITERATOR_DEBUG_LEVEL': valor '0' não corresponde ao valor '2' no DLLExportTableParser.obj
LIEF.lib(hash.cpp.obj) : error LNK2038: não correspondência detectada para 'RuntimeLibrary': valor 'MT_StaticRelease' não corresponde ao valor 'MTd_StaticDebug' no DLLExportTableParser.obj
LIEF.lib(Builder.cpp.obj) : error LNK2038: não correspondência detectada para '_ITERATOR_DEBUG_LEVEL': valor '0' não corresponde ao valor '2' no DLLExportTableParser.obj
LIEF.lib(Builder.cpp.obj) : error LNK2038: não correspondência detectada para 'RuntimeLibrary': valor 'MT_StaticRelease' não corresponde ao valor 'MTd_StaticDebug' no DLLExportTableParser.obj
LIEF.lib(Node.cpp.obj) : error LNK2038: não correspondência detectada para '_ITERATOR_DEBUG_LEVEL': valor '0' não corresponde ao valor '2' no DLLExportTableParser.obj
LIEF.lib(Node.cpp.obj) : error LNK2038: não correspondência detectada para 'RuntimeLibrary': valor 'MT_StaticRelease' não corresponde ao valor 'MTd_StaticDebug' no DLLExportTableParser.obj
LIEF.lib(NoteDetails.cpp.obj) : error LNK2038: não correspondência detectada para '_ITERATOR_DEBUG_LEVEL': valor '0' não corresponde ao valor '2' no DLLExportTableParser.obj
LIEF.lib(NoteDetails.cpp.obj) : error LNK2038: não correspondência detectada para 'RuntimeLibrary': valor 'MT_StaticRelease' não corresponde ao valor 'MTd_StaticDebug' no DLLExportTableParser.obj
LIEF.lib(AndroidNote.cpp.obj) : error LNK2038: não correspondência detectada para '_ITERATOR_DEBUG_LEVEL': valor '0' não corresponde ao valor '2' no DLLExportTableParser.obj
LIEF.lib(AndroidNote.cpp.obj) : error LNK2038: não correspondência detectada para 'RuntimeLibrary': valor 'MT_StaticRelease' não corresponde ao valor 'MTd_StaticDebug' no DLLExportTableParser.obj
LIEF.lib(NoteAbi.cpp.obj) : error LNK2038: não correspondência detectada para '_ITERATOR_DEBUG_LEVEL': valor '0' não corresponde ao valor '2' no DLLExportTableParser.obj
LIEF.lib(NoteAbi.cpp.obj) : error LNK2038: não correspondência detectada para 'RuntimeLibrary': valor 'MT_StaticRelease' não corresponde ao valor 'MTd_StaticDebug' no DLLExportTableParser.obj
LIEF.lib(CorePrStatus.cpp.obj) : error LNK2038: não correspondência detectada para '_ITERATOR_DEBUG_LEVEL': valor '0' não corresponde ao valor '2' no DLLExportTableParser.obj
LIEF.lib(CorePrStatus.cpp.obj) : error LNK2038: não correspondência detectada para 'RuntimeLibrary': valor 'MT_StaticRelease' não corresponde ao valor 'MTd_StaticDebug' no DLLExportTableParser.obj
LIEF.lib(CorePrPsInfo.cpp.obj) : error LNK2038: não correspondência detectada para '_ITERATOR_DEBUG_LEVEL': valor '0' não corresponde ao valor '2' no DLLExportTableParser.obj
LIEF.lib(CorePrPsInfo.cpp.obj) : error LNK2038: não correspondência detectada para 'RuntimeLibrary': valor 'MT_StaticRelease' não corresponde ao valor 'MTd_StaticDebug' no DLLExportTableParser.obj
LIEF.lib(CoreFile.cpp.obj) : error LNK2038: não correspondência detectada para '_ITERATOR_DEBUG_LEVEL': valor '0' não corresponde ao valor '2' no DLLExportTableParser.obj
LIEF.lib(CoreFile.cpp.obj) : error LNK2038: não correspondência detectada para 'RuntimeLibrary': valor 'MT_StaticRelease' não corresponde ao valor 'MTd_StaticDebug' no DLLExportTableParser.obj
LIEF.lib(CoreAuxv.cpp.obj) : error LNK2038: não correspondência detectada para '_ITERATOR_DEBUG_LEVEL': valor '0' não corresponde ao valor '2' no DLLExportTableParser.obj
LIEF.lib(CoreAuxv.cpp.obj) : error LNK2038: não correspondência detectada para 'RuntimeLibrary': valor 'MT_StaticRelease' não corresponde ao valor 'MTd_StaticDebug' no DLLExportTableParser.obj
LIEF.lib(CoreSigInfo.cpp.obj) : error LNK2038: não correspondência detectada para '_ITERATOR_DEBUG_LEVEL': valor '0' não corresponde ao valor '2' no DLLExportTableParser.obj
LIEF.lib(CoreSigInfo.cpp.obj) : error LNK2038: não correspondência detectada para 'RuntimeLibrary': valor 'MT_StaticRelease' não corresponde ao valor 'MTd_StaticDebug' no DLLExportTableParser.obj
LIEF.lib(RelocationSizes.cpp.obj) : error LNK2038: não correspondência detectada para '_ITERATOR_DEBUG_LEVEL': valor '0' não corresponde ao valor '2' no DLLExportTableParser.obj
LIEF.lib(RelocationSizes.cpp.obj) : error LNK2038: não correspondência detectada para 'RuntimeLibrary': valor 'MT_StaticRelease' não corresponde ao valor 'MTd_StaticDebug' no DLLExportTableParser.obj
LIEF.lib(EnumToString.cpp.obj) : error LNK2038: não correspondência detectada para '_ITERATOR_DEBUG_LEVEL': valor '0' não corresponde ao valor '2' no DLLExportTableParser.obj
LIEF.lib(EnumToString.cpp.obj) : error LNK2038: não correspondência detectada para 'RuntimeLibrary': valor 'MT_StaticRelease' não corresponde ao valor 'MTd_StaticDebug' no DLLExportTableParser.obj
LIEF.lib(Header.cpp.obj) : error LNK2038: não correspondência detectada para '_ITERATOR_DEBUG_LEVEL': valor '0' não corresponde ao valor '2' no DLLExportTableParser.obj
LIEF.lib(Header.cpp.obj) : error LNK2038: não correspondência detectada para 'RuntimeLibrary': valor 'MT_StaticRelease' não corresponde ao valor 'MTd_StaticDebug' no DLLExportTableParser.obj
LIEF.lib(instructions.cpp.obj) : error LNK2038: não correspondência detectada para '_ITERATOR_DEBUG_LEVEL': valor '0' não corresponde ao valor '2' no DLLExportTableParser.obj
LIEF.lib(instructions.cpp.obj) : error LNK2038: não correspondência detectada para 'RuntimeLibrary': valor 'MT_StaticRelease' não corresponde ao valor 'MTd_StaticDebug' no DLLExportTableParser.obj
LIEF.lib(MapList.cpp.obj) : error LNK2038: não correspondência detectada para '_ITERATOR_DEBUG_LEVEL': valor '0' não corresponde ao valor '2' no DLLExportTableParser.obj
LIEF.lib(MapList.cpp.obj) : error LNK2038: não correspondência detectada para 'RuntimeLibrary': valor 'MT_StaticRelease' não corresponde ao valor 'MTd_StaticDebug' no DLLExportTableParser.obj
LIEF.lib(MapItem.cpp.obj) : error LNK2038: não correspondência detectada para '_ITERATOR_DEBUG_LEVEL': valor '0' não corresponde ao valor '2' no DLLExportTableParser.obj
LIEF.lib(MapItem.cpp.obj) : error LNK2038: não correspondência detectada para 'RuntimeLibrary': valor 'MT_StaticRelease' não corresponde ao valor 'MTd_StaticDebug' no DLLExportTableParser.obj
LIEF.lib(Prototype.cpp.obj) : error LNK2038: não correspondência detectada para '_ITERATOR_DEBUG_LEVEL': valor '0' não corresponde ao valor '2' no DLLExportTableParser.obj
LIEF.lib(Prototype.cpp.obj) : error LNK2038: não correspondência detectada para 'RuntimeLibrary': valor 'MT_StaticRelease' não corresponde ao valor 'MTd_StaticDebug' no DLLExportTableParser.obj
LIEF.lib(CodeInfo.cpp.obj) : error LNK2038: não correspondência detectada para '_ITERATOR_DEBUG_LEVEL': valor '0' não corresponde ao valor '2' no DLLExportTableParser.obj
LIEF.lib(CodeInfo.cpp.obj) : error LNK2038: não correspondência detectada para 'RuntimeLibrary': valor 'MT_StaticRelease' não corresponde ao valor 'MTd_StaticDebug' no DLLExportTableParser.obj
LIEF.lib(Type.cpp.obj) : error LNK2038: não correspondência detectada para '_ITERATOR_DEBUG_LEVEL': valor '0' não corresponde ao valor '2' no DLLExportTableParser.obj
LIEF.lib(Type.cpp.obj) : error LNK2038: não correspondência detectada para 'RuntimeLibrary': valor 'MT_StaticRelease' não corresponde ao valor 'MTd_StaticDebug' no DLLExportTableParser.obj
LIEF.lib(Field.cpp.obj) : error LNK2038: não correspondência detectada para '_ITERATOR_DEBUG_LEVEL': valor '0' não corresponde ao valor '2' no DLLExportTableParser.obj
LIEF.lib(Field.cpp.obj) : error LNK2038: não correspondência detectada para 'RuntimeLibrary': valor 'MT_StaticRelease' não corresponde ao valor 'MTd_StaticDebug' no DLLExportTableParser.obj
LIEF.lib(EnumToString.cpp.obj) : error LNK2038: não correspondência detectada para '_ITERATOR_DEBUG_LEVEL': valor '0' não corresponde ao valor '2' no DLLExportTableParser.obj
LIEF.lib(EnumToString.cpp.obj) : error LNK2038: não correspondência detectada para 'RuntimeLibrary': valor 'MT_StaticRelease' não corresponde ao valor 'MTd_StaticDebug' no DLLExportTableParser.obj
LIEF.lib(BindingInfo.cpp.obj) : error LNK2038: não correspondência detectada para '_ITERATOR_DEBUG_LEVEL': valor '0' não corresponde ao valor '2' no DLLExportTableParser.obj
LIEF.lib(BindingInfo.cpp.obj) : error LNK2038: não correspondência detectada para 'RuntimeLibrary': valor 'MT_StaticRelease' não corresponde ao valor 'MTd_StaticDebug' no DLLExportTableParser.obj
LIEF.lib(ExportInfo.cpp.obj) : error LNK2038: não correspondência detectada para '_ITERATOR_DEBUG_LEVEL': valor '0' não corresponde ao valor '2' no DLLExportTableParser.obj
LIEF.lib(ExportInfo.cpp.obj) : error LNK2038: não correspondência detectada para 'RuntimeLibrary': valor 'MT_StaticRelease' não corresponde ao valor 'MTd_StaticDebug' no DLLExportTableParser.obj
LIEF.lib(Relocation.cpp.obj) : error LNK2038: não correspondência detectada para '_ITERATOR_DEBUG_LEVEL': valor '0' não corresponde ao valor '2' no DLLExportTableParser.obj
LIEF.lib(Relocation.cpp.obj) : error LNK2038: não correspondência detectada para 'RuntimeLibrary': valor 'MT_StaticRelease' não corresponde ao valor 'MTd_StaticDebug' no DLLExportTableParser.obj
LIEF.lib(exports_trie.cpp.obj) : error LNK2038: não correspondência detectada para '_ITERATOR_DEBUG_LEVEL': valor '0' não corresponde ao valor '2' no DLLExportTableParser.obj
LIEF.lib(exports_trie.cpp.obj) : error LNK2038: não correspondência detectada para 'RuntimeLibrary': valor 'MT_StaticRelease' não corresponde ao valor 'MTd_StaticDebug' no DLLExportTableParser.obj
LIEF.lib(Section.cpp.obj) : error LNK2038: não correspondência detectada para '_ITERATOR_DEBUG_LEVEL': valor '0' não corresponde ao valor '2' no DLLExportTableParser.obj
LIEF.lib(Section.cpp.obj) : error LNK2038: não correspondência detectada para 'RuntimeLibrary': valor 'MT_StaticRelease' não corresponde ao valor 'MTd_StaticDebug' no DLLExportTableParser.obj
LIEF.lib(DyldEnvironment.cpp.obj) : error LNK2038: não correspondência detectada para '_ITERATOR_DEBUG_LEVEL': valor '0' não corresponde ao valor '2' no DLLExportTableParser.obj
LIEF.lib(DyldEnvironment.cpp.obj) : error LNK2038: não correspondência detectada para 'RuntimeLibrary': valor 'MT_StaticRelease' não corresponde ao valor 'MTd_StaticDebug' no DLLExportTableParser.obj
LIEF.lib(DylinkerCommand.cpp.obj) : error LNK2038: não correspondência detectada para '_ITERATOR_DEBUG_LEVEL': valor '0' não corresponde ao valor '2' no DLLExportTableParser.obj
LIEF.lib(DylinkerCommand.cpp.obj) : error LNK2038: não correspondência detectada para 'RuntimeLibrary': valor 'MT_StaticRelease' não corresponde ao valor 'MTd_StaticDebug' no DLLExportTableParser.obj
LIEF.lib(EncryptionInfo.cpp.obj) : error LNK2038: não correspondência detectada para '_ITERATOR_DEBUG_LEVEL': valor '0' não corresponde ao valor '2' no DLLExportTableParser.obj
LIEF.lib(EncryptionInfo.cpp.obj) : error LNK2038: não correspondência detectada para 'RuntimeLibrary': valor 'MT_StaticRelease' não corresponde ao valor 'MTd_StaticDebug' no DLLExportTableParser.obj
LIEF.lib(BuildVersion.cpp.obj) : error LNK2038: não correspondência detectada para '_ITERATOR_DEBUG_LEVEL': valor '0' não corresponde ao valor '2' no DLLExportTableParser.obj
LIEF.lib(BuildVersion.cpp.obj) : error LNK2038: não correspondência detectada para 'RuntimeLibrary': valor 'MT_StaticRelease' não corresponde ao valor 'MTd_StaticDebug' no DLLExportTableParser.obj
LIEF.lib(LinkEdit.cpp.obj) : error LNK2038: não correspondência detectada para '_ITERATOR_DEBUG_LEVEL': valor '0' não corresponde ao valor '2' no DLLExportTableParser.obj
LIEF.lib(LinkEdit.cpp.obj) : error LNK2038: não correspondência detectada para 'RuntimeLibrary': valor 'MT_StaticRelease' não corresponde ao valor 'MTd_StaticDebug' no DLLExportTableParser.obj
LIEF.lib(MainCommand.cpp.obj) : error LNK2038: não correspondência detectada para '_ITERATOR_DEBUG_LEVEL': valor '0' não corresponde ao valor '2' no DLLExportTableParser.obj
LIEF.lib(MainCommand.cpp.obj) : error LNK2038: não correspondência detectada para 'RuntimeLibrary': valor 'MT_StaticRelease' não corresponde ao valor 'MTd_StaticDebug' no DLLExportTableParser.obj
LIEF.lib(RPathCommand.cpp.obj) : error LNK2038: não correspondência detectada para '_ITERATOR_DEBUG_LEVEL': valor '0' não corresponde ao valor '2' no DLLExportTableParser.obj
LIEF.lib(RPathCommand.cpp.obj) : error LNK2038: não correspondência detectada para 'RuntimeLibrary': valor 'MT_StaticRelease' não corresponde ao valor 'MTd_StaticDebug' no DLLExportTableParser.obj
LIEF.lib(SourceVersion.cpp.obj) : error LNK2038: não correspondência detectada para '_ITERATOR_DEBUG_LEVEL': valor '0' não corresponde ao valor '2' no DLLExportTableParser.obj
LIEF.lib(SourceVersion.cpp.obj) : error LNK2038: não correspondência detectada para 'RuntimeLibrary': valor 'MT_StaticRelease' não corresponde ao valor 'MTd_StaticDebug' no DLLExportTableParser.obj
LIEF.lib(SubFramework.cpp.obj) : error LNK2038: não correspondência detectada para '_ITERATOR_DEBUG_LEVEL': valor '0' não corresponde ao valor '2' no DLLExportTableParser.obj
LIEF.lib(SubFramework.cpp.obj) : error LNK2038: não correspondência detectada para 'RuntimeLibrary': valor 'MT_StaticRelease' não corresponde ao valor 'MTd_StaticDebug' no DLLExportTableParser.obj
LIEF.lib(Symbol.cpp.obj) : error LNK2038: não correspondência detectada para '_ITERATOR_DEBUG_LEVEL': valor '0' não corresponde ao valor '2' no DLLExportTableParser.obj
LIEF.lib(Symbol.cpp.obj) : error LNK2038: não correspondência detectada para 'RuntimeLibrary': valor 'MT_StaticRelease' não corresponde ao valor 'MTd_StaticDebug' no DLLExportTableParser.obj
LIEF.lib(ThreadCommand.cpp.obj) : error LNK2038: não correspondência detectada para '_ITERATOR_DEBUG_LEVEL': valor '0' não corresponde ao valor '2' no DLLExportTableParser.obj
LIEF.lib(ThreadCommand.cpp.obj) : error LNK2038: não correspondência detectada para 'RuntimeLibrary': valor 'MT_StaticRelease' não corresponde ao valor 'MTd_StaticDebug' no DLLExportTableParser.obj
LIEF.lib(UUIDCommand.cpp.obj) : error LNK2038: não correspondência detectada para '_ITERATOR_DEBUG_LEVEL': valor '0' não corresponde ao valor '2' no DLLExportTableParser.obj
LIEF.lib(UUIDCommand.cpp.obj) : error LNK2038: não correspondência detectada para 'RuntimeLibrary': valor 'MT_StaticRelease' não corresponde ao valor 'MTd_StaticDebug' no DLLExportTableParser.obj
LIEF.lib(VersionMin.cpp.obj) : error LNK2038: não correspondência detectada para '_ITERATOR_DEBUG_LEVEL': valor '0' não corresponde ao valor '2' no DLLExportTableParser.obj
LIEF.lib(VersionMin.cpp.obj) : error LNK2038: não correspondência detectada para 'RuntimeLibrary': valor 'MT_StaticRelease' não corresponde ao valor 'MTd_StaticDebug' no DLLExportTableParser.obj
LIEF.lib(DataCodeEntry.cpp.obj) : error LNK2038: não correspondência detectada para '_ITERATOR_DEBUG_LEVEL': valor '0' não corresponde ao valor '2' no DLLExportTableParser.obj
LIEF.lib(DataCodeEntry.cpp.obj) : error LNK2038: não correspondência detectada para 'RuntimeLibrary': valor 'MT_StaticRelease' não corresponde ao valor 'MTd_StaticDebug' no DLLExportTableParser.obj
LIEF.lib(ChainedBindingInfo.cpp.obj) : error LNK2038: não correspondência detectada para '_ITERATOR_DEBUG_LEVEL': valor '0' não corresponde ao valor '2' no DLLExportTableParser.obj
LIEF.lib(ChainedBindingInfo.cpp.obj) : error LNK2038: não correspondência detectada para 'RuntimeLibrary': valor 'MT_StaticRelease' não corresponde ao valor 'MTd_StaticDebug' no DLLExportTableParser.obj
LIEF.lib(CodeSignatureDir.cpp.obj) : error LNK2038: não correspondência detectada para '_ITERATOR_DEBUG_LEVEL': valor '0' não corresponde ao valor '2' no DLLExportTableParser.obj
LIEF.lib(CodeSignatureDir.cpp.obj) : error LNK2038: não correspondência detectada para 'RuntimeLibrary': valor 'MT_StaticRelease' não corresponde ao valor 'MTd_StaticDebug' no DLLExportTableParser.obj
LIEF.lib(FilesetCommand.cpp.obj) : error LNK2038: não correspondência detectada para '_ITERATOR_DEBUG_LEVEL': valor '0' não corresponde ao valor '2' no DLLExportTableParser.obj
LIEF.lib(FilesetCommand.cpp.obj) : error LNK2038: não correspondência detectada para 'RuntimeLibrary': valor 'MT_StaticRelease' não corresponde ao valor 'MTd_StaticDebug' no DLLExportTableParser.obj
LIEF.lib(LinkerOptHint.cpp.obj) : error LNK2038: não correspondência detectada para '_ITERATOR_DEBUG_LEVEL': valor '0' não corresponde ao valor '2' no DLLExportTableParser.obj
LIEF.lib(LinkerOptHint.cpp.obj) : error LNK2038: não correspondência detectada para 'RuntimeLibrary': valor 'MT_StaticRelease' não corresponde ao valor 'MTd_StaticDebug' no DLLExportTableParser.obj
LIEF.lib(RelocationObject.cpp.obj) : error LNK2038: não correspondência detectada para '_ITERATOR_DEBUG_LEVEL': valor '0' não corresponde ao valor '2' no DLLExportTableParser.obj
LIEF.lib(RelocationObject.cpp.obj) : error LNK2038: não correspondência detectada para 'RuntimeLibrary': valor 'MT_StaticRelease' não corresponde ao valor 'MTd_StaticDebug' no DLLExportTableParser.obj
LIEF.lib(TwoLevelHints.cpp.obj) : error LNK2038: não correspondência detectada para '_ITERATOR_DEBUG_LEVEL': valor '0' não corresponde ao valor '2' no DLLExportTableParser.obj
LIEF.lib(TwoLevelHints.cpp.obj) : error LNK2038: não correspondência detectada para 'RuntimeLibrary': valor 'MT_StaticRelease' não corresponde ao valor 'MTd_StaticDebug' no DLLExportTableParser.obj
LIEF.lib(ChainedFixup.cpp.obj) : error LNK2038: não correspondência detectada para '_ITERATOR_DEBUG_LEVEL': valor '0' não corresponde ao valor '2' no DLLExportTableParser.obj
LIEF.lib(ChainedFixup.cpp.obj) : error LNK2038: não correspondência detectada para 'RuntimeLibrary': valor 'MT_StaticRelease' não corresponde ao valor 'MTd_StaticDebug' no DLLExportTableParser.obj
LIEF.lib(ChainedBindingInfoList.cpp.obj) : error LNK2038: não correspondência detectada para '_ITERATOR_DEBUG_LEVEL': valor '0' não corresponde ao valor '2' no DLLExportTableParser.obj
LIEF.lib(ChainedBindingInfoList.cpp.obj) : error LNK2038: não correspondência detectada para 'RuntimeLibrary': valor 'MT_StaticRelease' não corresponde ao valor 'MTd_StaticDebug' no DLLExportTableParser.obj
LIEF.lib(Header.cpp.obj) : error LNK2038: não correspondência detectada para '_ITERATOR_DEBUG_LEVEL': valor '0' não corresponde ao valor '2' no DLLExportTableParser.obj
LIEF.lib(Header.cpp.obj) : error LNK2038: não correspondência detectada para 'RuntimeLibrary': valor 'MT_StaticRelease' não corresponde ao valor 'MTd_StaticDebug' no DLLExportTableParser.obj
LIEF.lib(File.cpp.obj) : error LNK2038: não correspondência detectada para '_ITERATOR_DEBUG_LEVEL': valor '0' não corresponde ao valor '2' no DLLExportTableParser.obj
LIEF.lib(File.cpp.obj) : error LNK2038: não correspondência detectada para 'RuntimeLibrary': valor 'MT_StaticRelease' não corresponde ao valor 'MTd_StaticDebug' no DLLExportTableParser.obj
LIEF.lib(note_utils.cpp.obj) : error LNK2038: não correspondência detectada para '_ITERATOR_DEBUG_LEVEL': valor '0' não corresponde ao valor '2' no DLLExportTableParser.obj
LIEF.lib(note_utils.cpp.obj) : error LNK2038: não correspondência detectada para 'RuntimeLibrary': valor 'MT_StaticRelease' não corresponde ao valor 'MTd_StaticDebug' no DLLExportTableParser.obj
LIEF.lib(Layout.cpp.obj) : error LNK2038: não correspondência detectada para '_ITERATOR_DEBUG_LEVEL': valor '0' não corresponde ao valor '2' no DLLExportTableParser.obj
LIEF.lib(Layout.cpp.obj) : error LNK2038: não correspondência detectada para 'RuntimeLibrary': valor 'MT_StaticRelease' não corresponde ao valor 'MTd_StaticDebug' no DLLExportTableParser.obj
LIEF.lib(TrieNode.cpp.obj) : error LNK2038: não correspondência detectada para '_ITERATOR_DEBUG_LEVEL': valor '0' não corresponde ao valor '2' no DLLExportTableParser.obj
LIEF.lib(TrieNode.cpp.obj) : error LNK2038: não correspondência detectada para 'RuntimeLibrary': valor 'MT_StaticRelease' não corresponde ao valor 'MTd_StaticDebug' no DLLExportTableParser.obj
LIEF.lib(EnumToString.cpp.obj) : error LNK2038: não correspondência detectada para '_ITERATOR_DEBUG_LEVEL': valor '0' não corresponde ao valor '2' no DLLExportTableParser.obj
LIEF.lib(EnumToString.cpp.obj) : error LNK2038: não correspondência detectada para 'RuntimeLibrary': valor 'MT_StaticRelease' não corresponde ao valor 'MTd_StaticDebug' no DLLExportTableParser.obj
libcpmtd.lib(xlocale.obj) : error LNK2001: símbolo externo não resolvido _free_dbg
libcpmtd.lib(xwcsxfrm.obj) : error LNK2001: símbolo externo não resolvido _free_dbg
libcpmtd.lib(StlCompareStringA.obj) : error LNK2001: símbolo externo não resolvido _free_dbg
libcpmtd.lib(cond.obj) : error LNK2001: símbolo externo não resolvido _free_dbg
libcpmtd.lib(locale.obj) : error LNK2001: símbolo externo não resolvido _free_dbg
libcpmtd.lib(StlLCMapStringA.obj) : error LNK2001: símbolo externo não resolvido _free_dbg
libcpmtd.lib(wlocale.obj) : error LNK2001: símbolo externo não resolvido _free_dbg
DLLExportTableParser.obj : error LNK2001: símbolo externo não resolvido _free_dbg
libcpmtd.lib(locale0.obj) : error LNK2001: símbolo externo não resolvido _free_dbg
libcpmtd.lib(cout.obj) : error LNK2001: símbolo externo não resolvido _free_dbg
libcpmtd.lib(mutex.obj) : error LNK2001: símbolo externo não resolvido _free_dbg
libcpmtd.lib(StlCompareStringA.obj) : error LNK2001: símbolo externo não resolvido _malloc_dbg
libcpmtd.lib(StlLCMapStringA.obj) : error LNK2001: símbolo externo não resolvido _malloc_dbg
libcpmtd.lib(wlocale.obj) : error LNK2001: símbolo externo não resolvido _malloc_dbg
libcpmtd.lib(xlocale.obj) : error LNK2001: símbolo externo não resolvido _malloc_dbg
libcpmtd.lib(xwcsxfrm.obj) : error LNK2001: símbolo externo não resolvido _malloc_dbg
DLLExportTableParser.obj : error LNK2001: símbolo externo não resolvido _malloc_dbg
libcpmtd.lib(locale0.obj) : error LNK2001: símbolo externo não resolvido _malloc_dbg
libcpmtd.lib(cout.obj) : error LNK2001: símbolo externo não resolvido _malloc_dbg
libcpmtd.lib(locale.obj) : error LNK2001: símbolo externo não resolvido _malloc_dbg
libcpmtd.lib(thread0.obj) : error LNK2001: símbolo externo não resolvido _CrtDbgReport
libcpmtd.lib(locale.obj) : error LNK2001: símbolo externo não resolvido _CrtDbgReport
libcpmtd.lib(wlocale.obj) : error LNK2001: símbolo externo não resolvido _CrtDbgReport
libcpmtd.lib(xlocale.obj) : error LNK2001: símbolo externo não resolvido _CrtDbgReport
DLLExportTableParser.obj : error LNK2001: símbolo externo não resolvido _CrtDbgReport
libcpmtd.lib(cout.obj) : error LNK2001: símbolo externo não resolvido _CrtDbgReport
libcpmtd.lib(xonce.obj) : error LNK2001: símbolo externo não resolvido _CrtDbgReport
libcpmtd.lib(xtime.obj) : error LNK2001: símbolo externo não resolvido _CrtDbgReport
libcpmtd.lib(wlocale.obj) : error LNK2001: símbolo externo não resolvido _calloc_dbg
libcpmtd.lib(xlocale.obj) : error LNK2001: símbolo externo não resolvido _calloc_dbg
libcpmtd.lib(_tolower.obj) : error LNK2001: símbolo externo não resolvido _calloc_dbg
libcpmtd.lib(mutex.obj) : error LNK2001: símbolo externo não resolvido _calloc_dbg
libcpmtd.lib(cond.obj) : error LNK2001: símbolo externo não resolvido _calloc_dbg
libcpmtd.lib(locale.obj) : error LNK2001: símbolo externo não resolvido _calloc_dbg
libcpmtd.lib(_tolower.obj) : error LNK2019: símbolo externo não resolvido, _wcsdup_dbg, referenciado na função _Getctype
libcpmtd.lib(xstrcoll.obj) : error LNK2001: símbolo externo não resolvido _wcsdup_dbg
libcpmtd.lib(locale.obj) : error LNK2019: símbolo externo não resolvido, _realloc_dbg, referenciado na função "private: static void __cdecl std::locale::_Locimp::_Locimp_Addfac(class std::locale::_Locimp *,class std::locale::facet *,unsigned __int64)" (?_Locimp_Addfac@_Locimp@locale@std@@CAXPEAV123@PEAVfacet@23@_K@Z)
libcpmtd.lib(xmbtowc.obj) : error LNK2019: símbolo externo não resolvido, _CrtDbgReportW, referenciado na função _Mbrtowc
libcpmtd.lib(StlLCMapStringA.obj) : error LNK2001: símbolo externo não resolvido _CrtDbgReportW
libcpmtd.lib(StlCompareStringA.obj) : error LNK2001: símbolo externo não resolvido _CrtDbgReportW
C:\dev\ExplanaDll's\x64\Debug\ExplanaDll's.exe : fatal error LNK1120: 7 externo não resolvidos
